C51 COMPILER V9.60.0.0   MAIN                                                              12/08/2023 09:41:00 PAGE 1   


C51 COMPILER V9.60.0.0, COMPILATION OF MODULE MAIN
OBJECT MODULE PLACED IN .\Objects\main.obj
COMPILER INVOKED BY: C:\Keil_v5\C51\BIN\C51.EXE main.c OPTIMIZE(8,SPEED) BROWSE DEBUG OBJECTEXTEND PRINT(.\Listings\main
                    -.lst) TABS(2) OBJECT(.\Objects\main.obj)

line level    source

   1          #include <reg52.h>
   2          
   3          sbit PWM=P2^1;
   4          bit DIR;
   5          unsigned int count,value,timer1;
   6          unsigned char flag = 0;
   7          void Time1Config()
   8          {
   9   1        TMOD|= 0x10;
  10   1        TH1 = 0xFF;
  11   1        TL1 = 0xff;
  12   1      
  13   1        ET1 = 1;
  14   1        EA = 1;
  15   1        TR1 = 1;
  16   1        flag = 1;
  17   1      }
  18          
  19          void Time1(void) interrupt 3
  20          {
  21   1        if(flag == 1)
  22   1        {
  23   2          TH1 = 0xFF;
  24   2          TL1 = 0xFf;
  25   2          timer1++;
  26   2          count++;
  27   2        }
  28   1        
  29   1      }
  30          
  31          void main(void)
  32          {
  33   1        Time1Config();
  34   1        while(1)
  35   1        {
  36   2          if(count > 100)
  37   2          {
  38   3            count = 0;
  39   3            if(DIR == 1)
  40   3            {
  41   4              value++;
  42   4            }
  43   3            if(DIR == 0)
  44   3            {
  45   4              value--;
  46   4            }
  47   3          }
  48   2      
  49   2          if(value == 1000)
  50   2          {
  51   3            DIR = 0;
  52   3          }
  53   2          if(value == 0)
  54   2          {
C51 COMPILER V9.60.0.0   MAIN                                                              12/08/2023 09:41:00 PAGE 2   

  55   3            DIR = 1;
  56   3          }
  57   2      
  58   2          if(timer1 > 1000)
  59   2          {
  60   3            timer1 = 0;
  61   3          }
  62   2          if(timer1 < value)
  63   2          {
  64   3            PWM = 1;
  65   3          }
  66   2          else
  67   2          {
  68   3            PWM = 0;
  69   3          }
  70   2        }
  71   1       }
  72          
  73          


MODULE INFORMATION:   STATIC OVERLAYABLE
   CODE SIZE        =    148    ----
   CONSTANT SIZE    =   ----    ----
   XDATA SIZE       =   ----    ----
   PDATA SIZE       =   ----    ----
   DATA SIZE        =      7    ----
   IDATA SIZE       =   ----    ----
   BIT SIZE         =      1    ----
END OF MODULE INFORMATION.


C51 COMPILATION COMPLETE.  0 WARNING(S),  0 ERROR(S)
