C51 COMPILER V9.60.0.0   LED_MATRIX                                                        11/17/2023 07:33:49 PAGE 1   


C51 COMPILER V9.60.0.0, COMPILATION OF MODULE LED_MATRIX
OBJECT MODULE PLACED IN .\Objects\led_matrix.obj
COMPILER INVOKED BY: C:\Keil_v5\C51\BIN\C51.EXE led_matrix.c OPTIMIZE(8,SPEED) BROWSE DEBUG OBJECTEXTEND PRINT(.\Listing
                    -s\led_matrix.lst) TABS(2) OBJECT(.\Objects\led_matrix.obj)

line level    source

   1          #include<reg51.h>
   2          #include<intrins.h>
   3          
   4          sbit SRCLK=P3^6;
   5          sbit RCLK=P3^5;
   6          sbit SER=P3^4;
   7          
   8          #define COMMONPORTS     P0
   9          
  10          unsigned char code TAB[8]  = {0x7f,0xbf,0xdf,0xef,0xf7,0xfb,0xfd,0xfe};
  11          
  12          unsigned char code CHARCODE[18][8]=
  13          {
  14          
  15          {0x00,0x00,0x3e,0x41,0x41,0x41,0x3e,0x00}, //0
  16          
  17          {0x00,0x00,0x00,0x00,0x21,0x7f,0x01,0x00}, //1
  18          
  19          {0x00,0x00,0x27,0x45,0x45,0x45,0x39,0x00}, //2
  20          
  21          {0x00,0x00,0x22,0x49,0x49,0x49,0x36,0x00}, //3
  22          
  23          {0x00,0x00,0x0c,0x14,0x24,0x7f,0x04,0x00}, //4
  24          
  25          {0x00,0x00,0x72,0x51,0x51,0x51,0x4e,0x00}, //5
  26          
  27          {0x00,0x00,0x3e,0x49,0x49,0x49,0x26,0x00}, //6
  28          
  29          {0x00,0x00,0x40,0x40,0x40,0x4f,0x70,0x00}, //7
  30          
  31          {0x00,0x00,0x36,0x49,0x49,0x49,0x36,0x00}, //8
  32          
  33          {0x00,0x00,0x32,0x49,0x49,0x49,0x3e,0x00}, //9
  34          
  35          {0x00,0x00,0x7F,0x48,0x48,0x30,0x00,0x00}, //P
  36          
  37          {0x00,0x00,0x7F,0x48,0x4C,0x73,0x00,0x00}, //R
  38          
  39          {0x00,0x00,0x7F,0x49,0x49,0x49,0x00,0x00}, //E
  40          
  41          {0x00,0x00,0x3E,0x41,0x41,0x62,0x00,0x00}, //C
  42          
  43          {0x00,0x00,0x7F,0x08,0x08,0x7F,0x00,0x00}, //H
  44          
  45          {0x00,0x00,0x00,0xFF,0xFF,0x00,0x00,0x00}, //I
  46          
  47          {0x00,0x7F,0x10,0x08,0x04,0x7F,0x00,0x00}, //N
  48          
  49          {0x7C,0x48,0x48,0xFF,0x48,0x48,0x7C,0x00}  //??
  50          
  51          };
  52          void delay(unsigned int time)
  53          {
  54   1        unsigned int i,j;
C51 COMPILER V9.60.0.0   LED_MATRIX                                                        11/17/2023 07:33:49 PAGE 2   

  55   1        for(i=0;i<time;i++)
  56   1          for(j=0;j<121;j++);
  57   1      }
  58          void Hc595SendByte(unsigned char dat)
  59          {
  60   1          unsigned char a;
  61   1          SRCLK=0;
  62   1          RCLK=0;
  63   1          for(a=0;a<8;a++)
  64   1          {
  65   2              SER=dat>>7;
  66   2              dat<<=1;
  67   2      
  68   2              SRCLK=1;
  69   2              _nop_();
  70   2              _nop_();
  71   2              SRCLK=0;    
  72   2          }
  73   1      
  74   1          RCLK=1;
  75   1          _nop_();
  76   1          _nop_();
  77   1          RCLK=0;
  78   1      }
  79          
  80          void main()
  81          {   
  82   1          unsigned char tab, j;
  83   1          unsigned int  i;
  84   1      
  85   1          while(1)
  86   1          {   
  87   2              for(i= 0; i<50; i++)
  88   2              {
  89   3                  for(tab=0;tab<8;tab++)
  90   3                  {   
  91   4      
  92   4                      Hc595SendByte(0x00);                 
  93   4                      COMMONPORTS = TAB[tab];              
  94   4                      Hc595SendByte(CHARCODE[j][tab]);    
  95   4                      delay(2);       
  96   4                  }
  97   3                   
  98   3              }
  99   2              j++;
 100   2              if(j == 18)
 101   2              {
 102   3                  j = 0;
 103   3              }
 104   2          }   
 105   1      }
 106          


MODULE INFORMATION:   STATIC OVERLAYABLE
   CODE SIZE        =    178    ----
   CONSTANT SIZE    =    152    ----
   XDATA SIZE       =   ----    ----
   PDATA SIZE       =   ----    ----
   DATA SIZE        =   ----       3
   IDATA SIZE       =   ----    ----
   BIT SIZE         =   ----    ----
C51 COMPILER V9.60.0.0   LED_MATRIX                                                        11/17/2023 07:33:49 PAGE 3   

END OF MODULE INFORMATION.


C51 COMPILATION COMPLETE.  0 WARNING(S),  0 ERROR(S)
