C51 COMPILER V9.60.7.0   LED                                                               11/03/2023 10:20:55 PAGE 1   


C51 COMPILER V9.60.7.0, COMPILATION OF MODULE LED
OBJECT MODULE PLACED IN led.OBJ
COMPILER INVOKED BY: C:\Keil_v5\C51\BIN\C51.EXE led.c OPTIMIZE(8,SPEED) BROWSE DEBUG OBJECTEXTEND TABS(2)

line level    source

   1          #include <reg51.h>     
   2          
   3          void Delay10ms(unsigned int);//tao ham delay 
   4          
   5          void main()
   6          { 
   7   1        while(1)
   8   1        {
   9   2          P2  = 0x00;//led tat het 
  10   2          Delay10ms(50);//delay 500ms 
  11   2          P2  = 0xff;//led sang het
  12   2          Delay10ms(50);//delay 500ms
  13   2        }
  14   1      
  15   1      }
  16          
  17          void Delay10ms(unsigned int c) //ham delay 10ms
  18          {
  19   1          unsigned char a,b;
  20   1          for(;c>0;c--)
  21   1              for(b=38;b>0;b--)
  22   1                  for(a=130;a>0;a--);
  23   1      }
  24          
  25          
  26          
  27          
  28          
  29          
  30          
  31          
  32          
  33          


MODULE INFORMATION:   STATIC OVERLAYABLE
   CODE SIZE        =     46    ----
   CONSTANT SIZE    =   ----    ----
   XDATA SIZE       =   ----    ----
   PDATA SIZE       =   ----    ----
   DATA SIZE        =   ----    ----
   IDATA SIZE       =   ----    ----
   BIT SIZE         =   ----    ----
END OF MODULE INFORMATION.


C51 COMPILATION COMPLETE.  0 WARNING(S),  0 ERROR(S)
