A51 MACRO ASSEMBLER  HAPPY                                                                11/17/2023 07:56:55 PAGE     1


MACRO ASSEMBLER A51 V8.2.7.0
OBJECT MODULE PLACED IN HAPPY.OBJ
ASSEMBLER INVOKED BY: C:\Keil_v5\C51\BIN\A51.EXE HAPPY.ASM SET(SMALL) DEBUG EP

LOC  OBJ            LINE     SOURCE

                       1          
                       2              
0000                   3                 ORG     0000H
0000 2100              4             JMP     MAIN
000B                   5             ORG     000BH
000B 2146              6             JMP     INTT0
0100                   7             ORG     0100H    
                       8     
0100 758160            9     MAIN:   MOV     SP,#60H
0103 758901           10             MOV     TMOD,#01H
0106 D2A9             11             SETB    ET0
0108 D2AF             12             SETB    EA
010A D28C             13             SETB    TR0
010C                  14     START0: ;clr    P1.5
010C 753000           15             MOV     30H,#00H 
                      16     
                      17     
010F E530             18     NEXT:   MOV     A,30H
0111 900166           19             MOV     DPTR,#TABLE 
0114 93               20             MOVC    A,@A+DPTR
0115 FA               21             MOV     R2,A
0116 602A             22             JZ      ENDD
0118 540F             23             ANL     A,#0FH
011A FD               24             MOV     R5,A
011B EA               25             MOV     A,R2
011C C4               26             SWAP    A
011D 540F             27             ANL     A,#0FH
011F 7004             28             JNZ     SING
0121 C28C             29             CLR     TR0
0123 8017             30             JMP     D1
                      31     
                      32     
0125 14               33     SING:   DEC     A
0126 F522             34             MOV     22H,A
0128 23               35             RL      A
0129 9001A6           36             MOV     DPTR,#TABLE1
012C 93               37             MOVC    A,@A+DPTR
012D F58C             38             MOV     TH0,A
012F F521             39             MOV     21H,A
0131 E522             40             MOV     A,22H
0133 23               41             RL      A
0134 04               42             INC     A
0135 93               43             MOVC    A,@A+DPTR
0136 F58A             44             MOV     TL0,A
0138 F520             45             MOV     20H,A
013A D28C             46             SETB    TR0
013C 3157             47     D1:     CALL    DELAY
013E 0530             48             INC     30H
0140 80CD             49             JMP     NEXT
0142 C28C             50     ENDD:   CLR     TR0
0144 80C6             51             JMP     START0
                      52     
0146                  53     INTT0:
0146 C0D0             54             PUSH    PSW
0148 C0E0             55             PUSH    ACC
014A 85208A           56             MOV     TL0,20H
014D 85218C           57             MOV     TH0,21H
0150 B2A5             58             CPL     P2.5
A51 MACRO ASSEMBLER  HAPPY                                                                11/17/2023 07:56:55 PAGE     2

0152 D0E0             59             POP     ACC
0154 D0D0             60             POP     PSW
0156 32               61             RETI
                      62     
0157 7F02             63     DELAY:  MOV     R7,#02
0159 7CBB             64     DELAY0: MOV     R4,#187
015B 7BF8             65     DELAY1: MOV     R3,#248
015D DBFE             66             DJNZ    R3,$
015F DCFA             67             DJNZ    R4,DELAY1
0161 DFF6             68             DJNZ    R7,DELAY0
0163 DDF2             69             DJNZ    R5,DELAY
0165 22               70             RET
                      71     
0166 82018194         72     TABLE:  DB 82H,01H,81H,94H,84H,0B4H,0A4H,04H
016A 84B4A404                
016E 82018194         73             DB 82H,01H,81H,94H,84H,0C4H,0B4H,04H
0172 84C4B404                
0176 820181F4         74             DB 82H,01H,81H,0F4H,0D4H,0B4H,0A4H,94H
017A D4B4A494                
017E E201E1D4         75             DB 0E2H,01H,0E1H,0D4H,0B4H,0C4H,0B4H,04H
0182 B4C4B404                
0186 82018194         76             DB 82H,01H,81H,94H,84H,0B4H,0A4H,04H
018A 84B4A404                
018E 82018194         77             DB 82H,01H,81H,94H,84H,0C4H,0B4H,04H
0192 84C4B404                
0196 820181F4         78             DB 82H,01H,81H,0F4H,0D4H,0B4H,0A4H,94H
019A D4B4A494                
019E E201E1D4         79             DB 0E2H,01H,0E1H,0D4H,0B4H,0C4H,0B4H,04H
01A2 B4C4B404                
01A6 FB04             80     TABLE1: DW 64260,64400,64524,64580,64684,64777,64820,64898
01A8 FB90                    
01AA FC0C                    
01AC FC44                    
01AE FCAC                    
01B0 FD09                    
01B2 FD34                    
01B4 FD82                    
01B6 FDC8             81                     DW 64968,65030,65058,65110,65157,65178,65217        
01B8 FE06                    
01BA FE22                    
01BC FE56                    
01BE FE85                    
01C0 FE9A                    
01C2 FEC1                    
                      82             END                                                                    
A51 MACRO ASSEMBLER  HAPPY                                                                11/17/2023 07:56:55 PAGE     3

SYMBOL TABLE LISTING
------ ----- -------


N A M E             T Y P E  V A L U E   ATTRIBUTES

ACC. . . . . . . .  D ADDR   00E0H   A   
D1 . . . . . . . .  C ADDR   013CH   A   
DELAY. . . . . . .  C ADDR   0157H   A   
DELAY0 . . . . . .  C ADDR   0159H   A   
DELAY1 . . . . . .  C ADDR   015BH   A   
EA . . . . . . . .  B ADDR   00A8H.7 A   
ENDD . . . . . . .  C ADDR   0142H   A   
ET0. . . . . . . .  B ADDR   00A8H.1 A   
INTT0. . . . . . .  C ADDR   0146H   A   
MAIN . . . . . . .  C ADDR   0100H   A   
NEXT . . . . . . .  C ADDR   010FH   A   
P2 . . . . . . . .  D ADDR   00A0H   A   
PSW. . . . . . . .  D ADDR   00D0H   A   
SING . . . . . . .  C ADDR   0125H   A   
SP . . . . . . . .  D ADDR   0081H   A   
START0 . . . . . .  C ADDR   010CH   A   
TABLE. . . . . . .  C ADDR   0166H   A   
TABLE1 . . . . . .  C ADDR   01A6H   A   
TH0. . . . . . . .  D ADDR   008CH   A   
TL0. . . . . . . .  D ADDR   008AH   A   
TMOD . . . . . . .  D ADDR   0089H   A   
TR0. . . . . . . .  B ADDR   0088H.4 A   


REGISTER BANK(S) USED: 0 


ASSEMBLY COMPLETE.  0 WARNING(S), 0 ERROR(S)
