C51 COMPILER V9.60.0.0   DISPLAYLCD                                                        12/10/2023 20:55:17 PAGE 1   


C51 COMPILER V9.60.0.0, COMPILATION OF MODULE DISPLAYLCD
OBJECT MODULE PLACED IN .\Objects\displayLCD.obj
COMPILER INVOKED BY: C:\Keil_v5\C51\BIN\C51.EXE displayLCD.c OPTIMIZE(8,SPEED) BROWSE DEBUG OBJECTEXTEND PRINT(.\Listing
                    -s\displayLCD.lst) TABS(2) OBJECT(.\Objects\displayLCD.obj)

line level    source

   1          #include "displayLCD.h"
   2          #include "LCD1602.h"
   3          #include "module_1.h"
   4          #include "module_7.h"
   5          #include "module_8.h"
   6          #include "module_9.h"
   7          #include "module_11.h"
   8          #include "module_12.h"
   9          #include "module_15.h"
  10          
  11          void IrInit(void){
  12   1        checkRun = 0;
  13   1        module = 0;
  14   1        IT0 = 1;
  15   1        EX0 = 1;
  16   1        EA = 1; 
  17   1        IRIN = 1;
  18   1      }
  19          
  20          void DelayMs(unsigned int x){
  21   1        unsigned char i;
  22   1        while(x--)
  23   1        {
  24   2          for (i = 0; i<13; i++){}
  25   2        }
  26   1      }
  27          
  28          void ReadIr(void) interrupt 0 {
  29   1        unsigned char j,k;
  30   1        unsigned int err;
  31   1        Time=0;          
  32   1        DelayMs(70); //Goi ham delay de tao do tre 70ms
  33   1        if(IRIN==1) //Kiem tra xem tin hieu hong ngoai co dang nhan duoc khong  
  34   1        { 
  35   2          err=1000; //Dat 1 gia tri timeout 
  36   2          while((IRIN==0)&&(err>0)) //wait den khi TRIN len muc 1 hoac timeout
  37   2          {     
  38   3            DelayMs(1);
  39   3            err--;
  40   3          } 
  41   2          if(IRIN==1) //Neu tin hieu len muc 1    
  42   2          {
  43   3            err=500;
  44   3            while((IRIN==1)&&(err>0))// Wait cho den khi TRIN xuong muc 0 hoac timeout     
  45   3            {
  46   4              DelayMs(1);
  47   4              err--;
  48   4            }
  49   3            for(k=0;k<4;k++) //Nhan 1 byte du lieu
  50   3            {       
  51   4              for(j=0;j<8;j++) //Nhan 8 bitt du lieu  
  52   4              {
  53   5                err=60;   
  54   5                while((IRIN==0)&&(err>0)) // Wait cho den khi TRIN xuong muc 1 hoac timeout
C51 COMPILER V9.60.0.0   DISPLAYLCD                                                        12/10/2023 20:55:17 PAGE 2   

  55   5                {
  56   6                  DelayMs(1);
  57   6                  err--;
  58   6                }
  59   5                err=500;
  60   5                while((IRIN==1)&&(err>0)) // Wait cho den khi TRIN xuong muc 0 hoac timeout 
  61   5                {
  62   6                  DelayMs(1);
  63   6                  Time++;
  64   6                  err--;
  65   6                  if(Time>30) //Neu thoi gian TRIN o muc 1 qua 30ms
  66   6                  {
  67   7                    EX0=1; //Cho ph?p ngat ngoai vi
  68   7                    return; //Thoat khoi ham ngat
  69   7                  }
  70   6                }
  71   5                IrValue[k]>>=1; //bitt 0 se duoc day vao bitt cao nhat cua IrValue[k] 
  72   5                if(Time>=8) //Neu thoi gian TRIN muc cao lon hon 8ms    
  73   5                {
  74   6                  IrValue[k]|=0x80; //bitt 1 se duoc day vao bitt cao nhat cua IrValue[k] 
  75   6                }
  76   5                Time=0; // set time ve 0              
  77   5              }
  78   4            }
  79   3          }
  80   2          if(IrValue[2]!=~IrValue[3]) //Kiem tra tinh nhat quan cua du lieu
  81   2          {
  82   3            return;
  83   3          }
  84   2        }     
  85   1      }
  86          
  87          void hienThiChuc(int x){
  88   1        LcdWriteCom(0x80+0x09);
  89   1        LcdWriteData(x+0x30); 
  90   1      }
  91          
  92          void hienThiDonVi(int x){
  93   1        LcdWriteCom(0x80+0x0a);
  94   1        LcdWriteData(x+0x30); 
  95   1      }
  96            
  97          void reset(void){
  98   1        int i;
  99   1        checkRun = 0;
 100   1        IrValue[2] = 0;
 101   1        module = 0;
 102   1        hienThiDonVi(0x6B);
 103   1        hienThiChuc(0x6B);  
 104   1        LcdWriteCom(0x80+0x40);
 105   1        for(i=0;i<9;i++)
 106   1        {
 107   2          LcdWriteData(CDIS2[i]); 
 108   2        }
 109   1      }
 110          
 111          void xuLi(int x){
 112   1        if(checkRun==0)
 113   1        {
 114   2          module = x*10 + module;
 115   2          hienThiChuc(x);
 116   2          checkRun = 1;
C51 COMPILER V9.60.0.0   DISPLAYLCD                                                        12/10/2023 20:55:17 PAGE 3   

 117   2          IrValue[2] = 0;
 118   2        }
 119   1        else if(checkRun==1)
 120   1        {
 121   2          module = x + module;
 122   2          hienThiDonVi(x);
 123   2          checkRun =3;
 124   2          IrValue[2] = 0;
 125   2        }
 126   1      }
 127          
 128          void runModule(int x){
 129   1        switch (x) 
 130   1        {
 131   2          case 1:
 132   2              module_1();
 133   2              break;
 134   2          case 2:
 135   2              // empty
 136   2              break;
 137   2          case 3:
 138   2              // empty
 139   2              break;
 140   2          case 4:
 141   2              // empty
 142   2              break;
 143   2          case 5:
 144   2              // empty
 145   2              break;
 146   2          case 6:
 147   2              // empty
 148   2              break;
 149   2          case 7:
 150   2              //LCD12864_DrowPic(&ars);
 151   2              //module 7 in here
 152   2              break;
 153   2          case 8:
 154   2              module_8();
 155   2              break;
 156   2          case 9:
 157   2              module_9();
 158   2              break;
 159   2          case 10:
 160   2              // module 10 in here
 161   2              // Using LCD16x2 for displaying, so dont call again
 162   2              break;
 163   2          case 11:
 164   2              module_11();
*** WARNING C206 IN LINE 164 OF displayLCD.c: 'module_11': missing function-prototype
 165   2              break;
 166   2          case 12:
 167   2              module_12();
 168   2              break;
 169   2          case 13:
 170   2              // empty
 171   2              break;
 172   2          case 14:
 173   2              // empty
 174   2              break;
 175   2          case 15:
 176   2              module_15();
 177   2              break;
C51 COMPILER V9.60.0.0   DISPLAYLCD                                                        12/10/2023 20:55:17 PAGE 4   

 178   2          default:
 179   2              reset();
 180   2              break;
 181   2        }
 182   1      }
 183          
 184          void disableInterrupt(void){
 185   1        ET1 = 0;
 186   1      }
 187          
 188          void displayLCD(void){
 189   1        unsigned char i;
 190   1        LcdWriteCom(0x80); 
 191   1        for(i=0;i<9;i++)
 192   1        {
 193   2          LcdWriteData(CDIS1[i]); 
 194   2        }
 195   1        LcdWriteCom(0x80+0x40);
 196   1        for(i=0;i<9;i++)
 197   1        {
 198   2          LcdWriteData(CDIS2[i]); 
 199   2        }
 200   1      }
 201          
 202          void signalRecieved(void){
 203   1        unsigned char i;
 204   1        IrValue[4]=IrValue[2]>>4;
 205   1        IrValue[5]=IrValue[2]&0x0f; 
 206   1        if(IrValue[4]==0x00 && IrValue[5]==0x0D)
 207   1        {     //0   0D
 208   2          nutBam = 0;
 209   2          xuLi(nutBam);
 210   2        }
 211   1        if(IrValue[4]==0x00 && IrValue[5]==0x0C)
 212   1        { //1   0C  
 213   2          nutBam = 1;
 214   2          xuLi(nutBam);
 215   2        }
 216   1        if(IrValue[4]==0x01 && IrValue[5]==0x08)
 217   1        {   //2   18
 218   2          nutBam = 2;
 219   2          xuLi(nutBam);
 220   2        }
 221   1        if(IrValue[4]==0x05 && IrValue[5]==0x0E)
 222   1        {   //3   5E
 223   2          nutBam = 3;
 224   2          xuLi(nutBam);
 225   2        }
 226   1        if(IrValue[4]==0x00 && IrValue[5]==0x08)
 227   1        {     //4   08
 228   2          nutBam = 4;
 229   2          xuLi(nutBam);
 230   2        }
 231   1        if(IrValue[4]==0x01 && IrValue[5]==0x0C)
 232   1        { //5   1C  
 233   2          nutBam = 5;
 234   2          xuLi(nutBam);
 235   2        }
 236   1        if(IrValue[4]==0x05 && IrValue[5]==0x0A)
 237   1        {   //6   5A
 238   2          nutBam = 6;
 239   2          xuLi(nutBam);
C51 COMPILER V9.60.0.0   DISPLAYLCD                                                        12/10/2023 20:55:17 PAGE 5   

 240   2        }
 241   1        if(IrValue[4]==0x04 && IrValue[5]==0x02)
 242   1        {   //7   42
 243   2          nutBam = 7;
 244   2          xuLi(nutBam);
 245   2        }
 246   1        if(IrValue[4]==0x05 && IrValue[5]==0x02)
 247   1        {     //8   52
 248   2          nutBam = 8;
 249   2          xuLi(nutBam);
 250   2        }
 251   1        if(IrValue[4]==0x04 && IrValue[5]==0x0A)
 252   1        { //9   4A
 253   2          nutBam = 9;
 254   2          xuLi(nutBam);
 255   2        }
 256   1        
 257   1        if(IrValue[4]==0x04 && IrValue[5]==0x04)
 258   1        {   //mode    44H
 259   2          if(module < 20)
 260   2          {
 261   3            runModule(module);
 262   3          }
 263   2          else
 264   2          {
 265   3            LcdWriteCom(0x80+0x40);
 266   3            for(i=0;i<9;i++)
 267   3            {
 268   4              LcdWriteData(CDIS4[i]); 
 269   4            }
 270   3            DelayMs(7000);
 271   3          }
 272   2          //reset();
 273   2        }
 274   1        if(IrValue[4]==0x04 && IrValue[5]==0x06)
 275   1        {   //stop    46H
 276   2          IrValue[2] = 0;
 277   2          disableInterrupt();
 278   2        }
 279   1        
 280   1        if(IrValue[4]==0x04 && IrValue[5]==0x05)
 281   1        {   //nguon   45H
 282   2          reset();
 283   2        }
 284   1      }
 285          


MODULE INFORMATION:   STATIC OVERLAYABLE
   CODE SIZE        =    981    ----
   CONSTANT SIZE    =   1086    ----
   XDATA SIZE       =   ----    ----
   PDATA SIZE       =   ----    ----
   DATA SIZE        =     24      11
   IDATA SIZE       =   ----    ----
   BIT SIZE         =      1    ----
END OF MODULE INFORMATION.


C51 COMPILATION COMPLETE.  1 WARNING(S),  0 ERROR(S)
