C51 COMPILER V9.60.0.0   INTERRUPTPUBLISH                                                  12/11/2023 23:08:09 PAGE 1   


C51 COMPILER V9.60.0.0, COMPILATION OF MODULE INTERRUPTPUBLISH
OBJECT MODULE PLACED IN .\Objects\interruptPublish.obj
COMPILER INVOKED BY: C:\Keil_v5\C51\BIN\C51.EXE interruptPublish.c OPTIMIZE(8,SPEED) BROWSE DEBUG OBJECTEXTEND PRINT(.\L
                    -istings\interruptPublish.lst) TABS(2) OBJECT(.\Objects\interruptPublish.obj)

line level    source

   1          #include "interruptPublish.h"
   2          #include "module_2.h"
   3          
   4          unsigned char c_interrupt = 0;
   5          
   6          void timer0(void) interrupt 1{
   7   1        
   8   1        if(CHECK_BIT(c_interrupt,MODULE_0))
   9   1        {
  10   2          TH0 = 0xFC;
  11   2          TL0 = 0x18;
  12   2          module2_count++;
  13   2        }
  14   1      }


MODULE INFORMATION:   STATIC OVERLAYABLE
   CODE SIZE        =     24    ----
   CONSTANT SIZE    =   ----    ----
   XDATA SIZE       =   ----    ----
   PDATA SIZE       =   ----    ----
   DATA SIZE        =     18    ----
   IDATA SIZE       =   ----    ----
   BIT SIZE         =   ----    ----
END OF MODULE INFORMATION.


C51 COMPILATION COMPLETE.  0 WARNING(S),  0 ERROR(S)
