C51 COMPILER V9.60.0.0   MODULE_9                                                          12/12/2023 00:08:58 PAGE 1   


C51 COMPILER V9.60.0.0, COMPILATION OF MODULE MODULE_9
OBJECT MODULE PLACED IN .\Objects\module_9.obj
COMPILER INVOKED BY: C:\Keil_v5\C51\BIN\C51.EXE module_9.c WARNINGLEVEL(1) OPTIMIZE(8,SIZE) BROWSE DEBUG OBJECTEXTEND PR
                    -INT(.\Listings\module_9.lst) TABS(2) OBJECT(.\Objects\module_9.obj)

line level    source

   1          #include "module_9.h"
   2          
   3          void  Motor(){ 
   4   1        unsigned char i;
   5   1        for(i=0;i<FF_length;i++)
   6   1        {
   7   2          if(Direction==1) 
   8   2            GPIO_MOTOR = FFW[i]&0x1f;  
   9   2          if(Direction==2) 
  10   2            GPIO_MOTOR = FFZ[i]&0x1f;
  11   2          module9_Delay(Speed);   
  12   2        }                   
  13   1      }
  14          
  15          void module9_Delay(unsigned int t){                           
  16   1        unsigned int k;
  17   1        while(t--)
  18   1        {
  19   2          for(k=0; k<80; k++)
  20   2          { }
  21   2        }
  22   1      }
  23          
  24          void module_9(void){
  25   1        unsigned char i;
  26   1        Speed = 30;
  27   1        if(module9_K1==0)   
  28   1        {
  29   2          module9_Delay(1); 
  30   2          if(module9_K1==0)
  31   2          {
  32   3            Direction=1;
  33   3          }
  34   2          while((i<200)&&(module9_K1==0))  
  35   2          {
  36   3            module9_Delay(1);
  37   3            i++;
  38   3          }
  39   2          i=0;
  40   2        }
  41   1        if(module9_K2==0)   
  42   1        {
  43   2          module9_Delay(1);
  44   2          if(module9_K2==0)
  45   2          {
  46   3            Direction=2;
  47   3          }
  48   2          while((i<200)&&(module9_K2==0))  
  49   2          {
  50   3            module9_Delay(1);
  51   3            i++;
  52   3          }
  53   2          i=0;
  54   2        }     
C51 COMPILER V9.60.0.0   MODULE_9                                                          12/12/2023 00:08:58 PAGE 2   

  55   1        if(module9_K3==0)   
  56   1        {
  57   2          module9_Delay(1); 
  58   2          if(module9_K3==0)
  59   2          {
  60   3            Speed=13;
  61   3          }
  62   2          while((i<200)&&(module9_K3==0)) 
  63   2          {
  64   3            module9_Delay(1);
  65   3            i++;
  66   3          }
  67   2          i=0;
  68   2        }
  69   1        if(module9_K4==0)   
  70   1        {
  71   2          module9_Delay(1); 
  72   2          if(module9_K4==0)
  73   2          {
  74   3            Speed=40;
  75   3          }
  76   2          while((i<200)&&(module9_K4==0)) 
  77   2          {
  78   3            module9_Delay(1);
  79   3            i++;
  80   3          }
  81   2          i=0;
  82   2        }   
  83   1        Motor();
  84   1      }


MODULE INFORMATION:   STATIC OVERLAYABLE
   CODE SIZE        =    245    ----
   CONSTANT SIZE    =     16    ----
   XDATA SIZE       =   ----    ----
   PDATA SIZE       =   ----    ----
   DATA SIZE        =      2       2
   IDATA SIZE       =   ----    ----
   BIT SIZE         =   ----    ----
END OF MODULE INFORMATION.


C51 COMPILATION COMPLETE.  0 WARNING(S),  0 ERROR(S)
