C51 COMPILER V9.60.0.0   MODULE_1                                                          12/10/2023 21:47:18 PAGE 1   


C51 COMPILER V9.60.0.0, COMPILATION OF MODULE MODULE_1
OBJECT MODULE PLACED IN .\Objects\module_1.obj
COMPILER INVOKED BY: C:\Keil_v5\C51\BIN\C51.EXE module_1.c OPTIMIZE(8,SPEED) BROWSE DEBUG OBJECTEXTEND PRINT(.\Listings\
                    -module_1.lst) TABS(2) OBJECT(.\Objects\module_1.obj)

line level    source

   1          #include "module_1.h"
   2          
   3          void Time1Config(void){
   4   1        TMOD|= 0x10;
   5   1        TH1 = 0xFF;
   6   1        TL1 = 0xff;
   7   1      
   8   1        ET1 = 1;
   9   1        EA = 1;
  10   1        TR1 = 1;
  11   1      }
  12          
  13          void Time1(void) interrupt 3{
  14   1          TH1 = 0xFF;
  15   1          TL1 = 0xFf;
  16   1          timer1++;
  17   1          count++;
  18   1      }
  19          
  20          void module_1(void){
  21   1        Time1Config();
  22   1        if(count > 100)
  23   1        {
  24   2          count = 0;
  25   2          if(DIR == 1)
  26   2          {
  27   3            value++;
  28   3          }
  29   2          if(DIR == 0)
  30   2          {
  31   3            value--;
  32   3          }
  33   2        }
  34   1      
  35   1        if(value == 1000)
  36   1        {
  37   2          DIR = 0;
  38   2        }
  39   1        if(value == 0)
  40   1        {
  41   2          DIR = 1;
  42   2        }
  43   1        
  44   1        if(timer1 > 1000)
  45   1        {
  46   2          timer1 = 0;
  47   2        }
  48   1        if(timer1 < value)
  49   1        {
  50   2          module1_PWM = 1;
  51   2        }
  52   1        else
  53   1        {
  54   2          module1_PWM = 0;
C51 COMPILER V9.60.0.0   MODULE_1                                                          12/10/2023 21:47:18 PAGE 2   

  55   2        }
  56   1      }


MODULE INFORMATION:   STATIC OVERLAYABLE
   CODE SIZE        =    137    ----
   CONSTANT SIZE    =   ----    ----
   XDATA SIZE       =   ----    ----
   PDATA SIZE       =   ----    ----
   DATA SIZE        =      6    ----
   IDATA SIZE       =   ----    ----
   BIT SIZE         =      1    ----
END OF MODULE INFORMATION.


C51 COMPILATION COMPLETE.  0 WARNING(S),  0 ERROR(S)
