C51 COMPILER V9.60.0.0   MODULE_4                                                          12/11/2023 13:16:37 PAGE 1   


C51 COMPILER V9.60.0.0, COMPILATION OF MODULE MODULE_4
OBJECT MODULE PLACED IN .\Objects\module_4.obj
COMPILER INVOKED BY: C:\Keil_v5\C51\BIN\C51.EXE module_4.c OPTIMIZE(8,SPEED) BROWSE DEBUG OBJECTEXTEND PRINT(.\Listings\
                    -module_4.lst) TABS(2) OBJECT(.\Objects\module_4.obj)

line level    source

   1          #include "module_4.h"
   2          
   3          void module4_Time1Config(void){
   4   1        module4_timer1 = 0;
   5   1        TMOD|= 0x10;   
   6   1        TH1 = 0xFE; 
   7   1        TL1 = 0x0C;
   8   1        ET1 = 1;         
   9   1        EA = 1;
  10   1        TR1 = 1;            
  11   1      }
  12          
  13          void module4_Time1(void) interrupt 3{
  14   1        TH1 = 0xFE;  
  15   1        TL1 = 0x0C;
  16   1        module4_timer1++;    
  17   1      }
  18          
  19          void module_4(void){
  20   1        module4_Time1Config();
  21   1        if(module4_timer1>100)  
  22   1        {
  23   2          module4_timer1=0;
  24   2        }
  25   1        if(module4_timer1 < 30) 
  26   1        {
  27   2          module4_PWM = 1;
  28   2        }
  29   1        else
  30   1        {
  31   2          module4_PWM = 0;
  32   2        }
  33   1      }


MODULE INFORMATION:   STATIC OVERLAYABLE
   CODE SIZE        =     62    ----
   CONSTANT SIZE    =   ----    ----
   XDATA SIZE       =   ----    ----
   PDATA SIZE       =   ----    ----
   DATA SIZE        =      1    ----
   IDATA SIZE       =   ----    ----
   BIT SIZE         =   ----    ----
END OF MODULE INFORMATION.


C51 COMPILATION COMPLETE.  0 WARNING(S),  0 ERROR(S)
