C51 COMPILER V9.60.0.0   MODULE_11                                                         12/12/2023 00:08:58 PAGE 1   


C51 COMPILER V9.60.0.0, COMPILATION OF MODULE MODULE_11
OBJECT MODULE PLACED IN .\Objects\module_11.obj
COMPILER INVOKED BY: C:\Keil_v5\C51\BIN\C51.EXE module_11.c WARNINGLEVEL(1) OPTIMIZE(8,SIZE) BROWSE DEBUG OBJECTEXTEND P
                    -RINT(.\Listings\module_11.lst) TABS(2) OBJECT(.\Objects\module_11.obj)

line level    source

   1          #include "module_11.h"
   2          
   3          void module11_delay(unsigned int time){
   4   1        unsigned int i,j;
   5   1        for(i=0;i<time;i++)
   6   1          for(j=0;j<121;j++);
   7   1      }
   8          
   9          void Hc595SendByte(unsigned char dat){
  10   1        unsigned char a;
  11   1        module11_SRCLK=0;
  12   1        module11_RCLK=0;
  13   1        for(a=0;a<8;a++)
  14   1        {
  15   2          module11_SER=dat>>7;
  16   2          dat<<=1;
  17   2          module11_SRCLK=1;
  18   2          _nop_();
  19   2          _nop_();
  20   2          module11_SRCLK=0;    
  21   2        }
  22   1        module11_RCLK=1;
  23   1        _nop_();
  24   1        _nop_();
  25   1        module11_RCLK=0;
  26   1      }
  27          
  28          void module_11(void){
  29   1        unsigned char tab, j;
  30   1        unsigned int  i;
  31   1        for(i= 0; i<50; i++)
  32   1        {
  33   2           for(tab=0;tab<TAB_length;tab++)
  34   2           {   
  35   3              Hc595SendByte(0x00);                 
  36   3              COMMONPORTS = TAB[tab];              
  37   3              Hc595SendByte(CHARCODE[j][tab]);    
  38   3              module11_delay(2);       
  39   3           }
  40   2        }
  41   1        j++;
  42   1        if(j == 18)
  43   1        {
  44   2           j = 0;
  45   2        }
  46   1      }


MODULE INFORMATION:   STATIC OVERLAYABLE
   CODE SIZE        =    177    ----
   CONSTANT SIZE    =    152    ----
   XDATA SIZE       =   ----    ----
   PDATA SIZE       =   ----    ----
   DATA SIZE        =   ----       3
C51 COMPILER V9.60.0.0   MODULE_11                                                         12/12/2023 00:08:58 PAGE 2   

   IDATA SIZE       =   ----    ----
   BIT SIZE         =   ----    ----
END OF MODULE INFORMATION.


C51 COMPILATION COMPLETE.  0 WARNING(S),  0 ERROR(S)
