C51 COMPILER V9.60.0.0   MODULE_2                                                          12/11/2023 23:08:09 PAGE 1   


C51 COMPILER V9.60.0.0, COMPILATION OF MODULE MODULE_2
OBJECT MODULE PLACED IN .\Objects\module_2.obj
COMPILER INVOKED BY: C:\Keil_v5\C51\BIN\C51.EXE module_2.c OPTIMIZE(8,SPEED) BROWSE DEBUG OBJECTEXTEND PRINT(.\Listings\
                    -module_2.lst) TABS(2) OBJECT(.\Objects\module_2.obj)

line level    source

   1          #include "module_2.h"
   2          #include "interruptPublish.h"
   3          
   4          unsigned int module2_count = 0;
   5          
   6          void module2_delayMS(unsigned int t){
   7   1        SET_BIT(c_interrupt,MODULE_0);
   8   1        TMOD = 0x01;
   9   1        TH0 = 0xFC;
  10   1        TL0 = 0x18;
  11   1        ET0 = 1;
  12   1        EA = 1;
  13   1        module2_count =0;
  14   1        TR0 =1;
  15   1        while(module2_count < t);
  16   1        led = 0;
  17   1        ET0 = 0;
  18   1        TR0 =0;
  19   1      }
  20          
  21          void smg_display1(void){
  22   1        u8 i;
  23   1        for(i=0;i<8;i++)
  24   1        {
  25   2          switch(i)
  26   2          {
  27   3            case 0: module2_LSC=1; module2_LSB=1; module2_LSA=1; break;
  28   3            case 1: module2_LSC=1; module2_LSB=1; module2_LSA=0; break;
  29   3            case 2: module2_LSC=1; module2_LSB=0; module2_LSA=1; break;
  30   3            case 3: module2_LSC=1; module2_LSB=0; module2_LSA=0; break;
  31   3            case 4: module2_LSC=0; module2_LSB=1; module2_LSA=1; break;
  32   3            case 5: module2_LSC=0; module2_LSB=1; module2_LSA=0; break;
  33   3            case 6: module2_LSC=0; module2_LSB=0; module2_LSA=1; break;
  34   3            case 7: module2_LSC=0; module2_LSB=0; module2_LSA=0; break;
  35   3          }
  36   2          SMG_A_DP_PORT = gsmg_code[i];
  37   2          module2_delayMS(1000);
  38   2          SMG_A_DP_PORT=0x00;
  39   2        }
  40   1      }
  41          
  42          void smg_display2(void){
  43   1        u8 i;
  44   1        for(i=8;i<18;i++)
  45   1        {
  46   2          switch(i)
  47   2          {
  48   3            case 8: module2_LSC=1; module2_LSB=1; module2_LSA=1; break;
  49   3            case 9: module2_LSC=1; module2_LSB=1; module2_LSA=0; break;
  50   3            case 10: module2_LSC=1; module2_LSB=0; module2_LSA=1; break;
  51   3            case 11: module2_LSC=1; module2_LSB=0; module2_LSA=0; break;
  52   3            case 12: module2_LSC=0; module2_LSB=1; module2_LSA=1; break;
  53   3            case 13: module2_LSC=0; module2_LSB=1; module2_LSA=0; break;
  54   3            case 14: module2_LSC=0; module2_LSB=0; module2_LSA=1; break;
C51 COMPILER V9.60.0.0   MODULE_2                                                          12/11/2023 23:08:09 PAGE 2   

  55   3            case 15: module2_LSC=0; module2_LSB=0; module2_LSA=0; break;;
  56   3          }
  57   2          SMG_A_DP_PORT = gsmg_code[i];
  58   2          module2_delayMS(1000);
  59   2          SMG_A_DP_PORT=0x00;
  60   2        }
  61   1      }
  62          
  63          void module_2(void){
  64   1        
  65   1        if(module2_K1 == 0)
  66   1        {
  67   2          smg_display1();
  68   2        }
  69   1        if(module2_K2 == 0)
  70   1        {
  71   2          smg_display2();
  72   2        }
  73   1      }


MODULE INFORMATION:   STATIC OVERLAYABLE
   CODE SIZE        =    282    ----
   CONSTANT SIZE    =   ----    ----
   XDATA SIZE       =   ----    ----
   PDATA SIZE       =   ----    ----
   DATA SIZE        =     19    ----
   IDATA SIZE       =   ----    ----
   BIT SIZE         =   ----    ----
END OF MODULE INFORMATION.


C51 COMPILATION COMPLETE.  0 WARNING(S),  0 ERROR(S)
