C51 COMPILER V9.60.0.0   MAIN                                                              12/10/2023 20:00:51 PAGE 1   


C51 COMPILER V9.60.0.0, COMPILATION OF MODULE MAIN
OBJECT MODULE PLACED IN .\Objects\main.obj
COMPILER INVOKED BY: C:\Keil_v5\C51\BIN\C51.EXE main.c OPTIMIZE(8,SPEED) BROWSE DEBUG OBJECTEXTEND PRINT(.\Listings\main
                    -.lst) TABS(2) OBJECT(.\Objects\main.obj)

line level    source

   1          #include <reg52.h>
   2          
   3          sbit module1_PWM = P2^1;
   4          bit DIR;
   5          
   6          unsigned int count, value, timer1;
   7          
   8          void Time1Config(void){
   9   1        TMOD|= 0x10;
  10   1        TH1 = 0xFF;
  11   1        TL1 = 0xff;
  12   1      
  13   1        ET1 = 1;
  14   1        EA = 1;
  15   1        TR1 = 1;
  16   1      }
  17          
  18          void Time1(void) interrupt 3{
  19   1          TH1 = 0xFF;
  20   1          TL1 = 0xFf;
  21   1          timer1++;
  22   1          count++;
  23   1      }
  24          
  25          void main(void){
  26   1        Time1Config();
  27   1        while(1)
  28   1        {
  29   2          if(count > 100)
  30   2          {
  31   3            count = 0;
  32   3            if(DIR == 1)
  33   3            {
  34   4              value++;
  35   4            }
  36   3            if(DIR == 0)
  37   3            {
  38   4              value--;
  39   4            }
  40   3          }
  41   2      
  42   2          if(value == 1000)
  43   2          {
  44   3            DIR = 0;
  45   3          }
  46   2          if(value == 0)
  47   2          {
  48   3            DIR = 1;
  49   3          }
  50   2      
  51   2          if(timer1 > 1000)
  52   2          {
  53   3            timer1 = 0;
  54   3          }
C51 COMPILER V9.60.0.0   MAIN                                                              12/10/2023 20:00:51 PAGE 2   

  55   2          if(timer1 < value)
  56   2          {
  57   3            module1_PWM = 1;
  58   3          }
  59   2          else
  60   2          {
  61   3            module1_PWM = 0;
  62   3          }
  63   2        }
  64   1       }
  65          
  66          


MODULE INFORMATION:   STATIC OVERLAYABLE
   CODE SIZE        =    139    ----
   CONSTANT SIZE    =   ----    ----
   XDATA SIZE       =   ----    ----
   PDATA SIZE       =   ----    ----
   DATA SIZE        =      6    ----
   IDATA SIZE       =   ----    ----
   BIT SIZE         =      1    ----
END OF MODULE INFORMATION.


C51 COMPILATION COMPLETE.  0 WARNING(S),  0 ERROR(S)
