C51 COMPILER V9.60.0.0   MAIN                                                              12/10/2023 16:10:51 PAGE 1   


C51 COMPILER V9.60.0.0, COMPILATION OF MODULE MAIN
OBJECT MODULE PLACED IN main.OBJ
COMPILER INVOKED BY: C:\Keil_v5\C51\BIN\C51.EXE main.c OPTIMIZE(8,SPEED) BROWSE DEBUG OBJECTEXTEND TABS(2)

line level    source

   1          #include<reg51.h>
   2          #include<intrins.h> //dung de dich trai phai
   3          
   4          #define GPIO_LED P2
   5          
   6          sbit module12_K1 = P3^1;
   7          
   8          void module12_Delay10ms(void);  
   9          
  10          void module12_Delay10ms(void){
  11   1         unsigned char a,b,c;
  12   1         for(c=1;c>0;c--)
  13   1            for(b=30;b>0;b--)
  14   1               for(a=130;a>0;a--);
  15   1      }
  16          
  17          void main(void){
  18   1        unsigned int i;
  19   1        GPIO_LED = 0xfe;// 1111 1110
  20   1        while(1)
  21   1        {  
  22   2            if(module12_K1==0)//kiem tra nut co nhan khong
  23   2            {
  24   3              GPIO_LED = _cror_(GPIO_LED,1);//dich phai 1 lan
  25   3              while((i<50)&&(module12_K1==0)) //neu an giu lau hon 500ms thi den se dich
  26   3              {
  27   4                module12_Delay10ms();
  28   4                i++;//i tang moi 10ms
  29   4              }
  30   3              i=0;//khi tha tay sau khi an thi i = 0
  31   3            }
  32   2        }           
  33   1      }
  34          


MODULE INFORMATION:   STATIC OVERLAYABLE
   CODE SIZE        =     99    ----
   CONSTANT SIZE    =   ----    ----
   XDATA SIZE       =   ----    ----
   PDATA SIZE       =   ----    ----
   DATA SIZE        =   ----       2
   IDATA SIZE       =   ----    ----
   BIT SIZE         =   ----    ----
END OF MODULE INFORMATION.


C51 COMPILATION COMPLETE.  0 WARNING(S),  0 ERROR(S)
