C51 COMPILER V9.60.7.0   MAIN                                                              11/10/2023 07:51:42 PAGE 1   


C51 COMPILER V9.60.7.0, COMPILATION OF MODULE MAIN
OBJECT MODULE PLACED IN main.OBJ
COMPILER INVOKED BY: C:\Keil_v5\C51\BIN\C51.EXE main.c OPTIMIZE(8,SPEED) BROWSE DEBUG OBJECTEXTEND TABS(2)

line level    source

   1          #include<reg51.h>
   2          
   3          sbit LED1=P2^0;//noi led vao chan P2.0
   4          void Delay(unsigned int a);//ham delay
   5          void main()
   6          {
   7   1        while(1)
   8   1        {
   9   2          LED1=0;//tat led
  10   2          Delay(5000);//khoan 1.2s
  11   2          LED1=1;//bat led
  12   2          Delay(5000);
  13   2        }
  14   1      }
  15          
  16          void Delay(unsigned int a)//0~65535
  17          {
  18   1        unsigned char b;
  19   1        for(;a>0;a--)
  20   1        {
  21   2          for(b=110;b>0;b--);
  22   2        }
  23   1      }


MODULE INFORMATION:   STATIC OVERLAYABLE
   CODE SIZE        =     41    ----
   CONSTANT SIZE    =   ----    ----
   XDATA SIZE       =   ----    ----
   PDATA SIZE       =   ----    ----
   DATA SIZE        =   ----    ----
   IDATA SIZE       =   ----    ----
   BIT SIZE         =   ----    ----
END OF MODULE INFORMATION.


C51 COMPILATION COMPLETE.  0 WARNING(S),  0 ERROR(S)
