C51 COMPILER V9.60.0.0   MAIN                                                              12/12/2023 10:36:37 PAGE 1   


C51 COMPILER V9.60.0.0, COMPILATION OF MODULE MAIN
OBJECT MODULE PLACED IN main.OBJ
COMPILER INVOKED BY: C:\Keil_v5\C51\BIN\C51.EXE main.c OPTIMIZE(8,SPEED) BROWSE DEBUG OBJECTEXTEND TABS(2)

line level    source

   1          #include<reg51.h>
   2          #include"ds1302.h"
   3          
   4          #define DIG P0
   5          sbit module13_LSA = P2^2;
   6          sbit module13_LSB = P2^3;
   7          sbit module13_LSC = P2^4;
   8          
   9          unsigned char code DIG_CODE_13[10]={0x3f,0x06,0x5b,0x4f,0x66,0x6d,0x7d,0x07,0x7f,0x6f};
  10          unsigned char Num = 0;
  11          unsigned int disp[8]={0x3f,0x3f,0x3f,0x3f,0x3f,0x3f,0x3f,0x3f};
  12          
  13          void Timer0Configuration(void);
  14          void DigDisplay(void);
  15          
  16          void Timer0Configuration(){
  17   1        TMOD=0X02;
  18   1        TH0=0X9C; 
  19   1        TL0=0X9C; 
  20   1        ET0=1;
  21   1        EA=1;
  22   1        TR0=1;  
  23   1      }
  24          
  25          void DigDisplay() interrupt 1{
  26   1      //  TH0=0X9c;
  27   1      //  TL0=0X00;   
  28   1        DIG=0; 
  29   1        switch(Num)  
  30   1        {
  31   2          case(7):
  32   2            module13_LSA=0; module13_LSB=0; module13_LSC=0; break;
  33   2          case(6):
  34   2            module13_LSA=1; module13_LSB=0; module13_LSC=0; break;
  35   2          case(5):
  36   2            module13_LSA=0; module13_LSB=1; module13_LSC=0; break;
  37   2          case(4):
  38   2            module13_LSA=1; module13_LSB=1; module13_LSC=0; break;
  39   2          case(3):
  40   2            module13_LSA=0; module13_LSB=0; module13_LSC=1; break;
  41   2          case(2):
  42   2            module13_LSA=1; module13_LSB=0; module13_LSC=1; break;
  43   2          case(1):
  44   2            module13_LSA=0; module13_LSB=1; module13_LSC=1; break;
  45   2          case(0):
  46   2            module13_LSA=1; module13_LSB=1; module13_LSC=1; break;  
  47   2        }
  48   1        DIG = disp[Num]; 
  49   1        Num++;
  50   1        if(Num>7)
  51   1          Num=0;
  52   1      }
  53          
  54          void main()
  55          {
C51 COMPILER V9.60.0.0   MAIN                                                              12/12/2023 10:36:37 PAGE 2   

  56   1        Ds1302Init();
  57   1        Timer0Configuration();
  58   1        while(1)
  59   1        { 
  60   2          Ds1302ReadTime();
  61   2          disp[7] = DIG_CODE_13[TIME[0]&0x0f];
  62   2          disp[6] = DIG_CODE_13[TIME[0]>>4];
  63   2          disp[5] = 0X40;
  64   2          disp[4] = DIG_CODE_13[TIME[1]&0x0f];
  65   2          disp[3] = DIG_CODE_13[TIME[1]>>4];
  66   2          disp[2] = 0X40;
  67   2          disp[1] = DIG_CODE_13[TIME[2]&0x0f];
  68   2          disp[0] = DIG_CODE_13[TIME[2]>>4];  
  69   2        }
  70   1      }
  71          
  72          


MODULE INFORMATION:   STATIC OVERLAYABLE
   CODE SIZE        =    243    ----
   CONSTANT SIZE    =     10    ----
   XDATA SIZE       =   ----    ----
   PDATA SIZE       =   ----    ----
   DATA SIZE        =     17    ----
   IDATA SIZE       =   ----    ----
   BIT SIZE         =   ----    ----
END OF MODULE INFORMATION.


C51 COMPILATION COMPLETE.  0 WARNING(S),  0 ERROR(S)
