C51 COMPILER V9.60.0.0   MAIN                                                              12/10/2023 13:37:17 PAGE 1   


C51 COMPILER V9.60.0.0, COMPILATION OF MODULE MAIN
OBJECT MODULE PLACED IN main.OBJ
COMPILER INVOKED BY: C:\Keil_v5\C51\BIN\C51.EXE main.c OPTIMIZE(8,SPEED) BROWSE DEBUG OBJECTEXTEND TABS(2)

line level    source

   1          /*******************************************************************************
   2          Tên thuc hành: Thuc hành voi dong co buoc
   3          IO su dung: Ðong co su dung cong P1 (P1.0/P1.1/P1.2/P1.3)
   4          Hieu qua thuc hành: 
   5          Luu ý: Do chân P3.2 duoc chia se voi duong dây ngoai vi màu do, de tránh anh huong tu duong dây ngoai 
   6          vi màu do den hieu qua thuc hành khi thuc hien thí nghiem voi nút bam, tot nhat ban nên tháo dây ngoai vi 
             -màu do ra truoc.
   7          *******************************************************************************/ 
   8          #include "REG52.H"
   9          
  10          //Ðong co IO
  11          #define GPIO_MOTOR P1
  12          //sbit F1 = P1^0;
  13          //sbit F2 = P1^1;
  14          //sbit F3 = P1^2;
  15          //sbit F4 = P1^3;
  16          //Nut bam IO
  17          sbit K1=P3^0;
  18          sbit K2=P3^1;
  19          sbit K3=P3^2;
  20          sbit K4=P3^3;
  21          
  22          
  23          unsigned char code FFW[8]={0xf1,0xf3,0xf2,0xf6,0xf4,0xfc,0xf8,0xf9}; //Thu tu quay nguoc
  24          
  25          void Delay(unsigned int t);
  26          void  Motor(); 
  27          
  28          /*******************************************************************************
  29          Tên hàm: main
  30          Chuc nang cua hàm: Hàm chính
  31          Ðau vào: Không
  32          Ðau ra: Không
  33          *******************************************************************************/
  34          
  35          void main(void) 
  36          { 
  37   1        while(1)
  38   1        {
  39   2          Motor();
  40   2        }
  41   1      }
  42          /*******************************************************************************
  43          Tên hàm: Motor
  44          Chac nang cua hàm: Hàm quay d?ng co
  45          Ðau vào: Không
  46          Ðau ra: Không
  47          *******************************************************************************/
  48          
  49          void  Motor()
  50          { 
  51   1        unsigned char i;
  52   1        for(i=0;i<8;i++)
  53   1        { 
  54   2          GPIO_MOTOR = FFW[i]&0x1f;  //Lay du lieu chi lay 4 bit sau
C51 COMPILER V9.60.0.0   MAIN                                                              12/10/2023 13:37:17 PAGE 2   

  55   2          Delay(30);  //Dieu chinh toc do quay  
  56   2        }                   
  57   1      }
  58          /*******************************************************************************
  59          Tên hàm: Delay
  60          Chuc nang cua hàm: Hàm trì hoãn (delay)
  61          Ðau vào: t
  62          Ðau ra: Không
  63          *******************************************************************************/
  64          void Delay(unsigned int t)
  65          {                           
  66   1        unsigned int k;
  67   1        while(t--)
  68   1        {
  69   2          for(k=0; k<80; k++)
  70   2          { }
  71   2        }
  72   1      }
  73          
  74          
  75          


MODULE INFORMATION:   STATIC OVERLAYABLE
   CODE SIZE        =     71    ----
   CONSTANT SIZE    =      8    ----
   XDATA SIZE       =   ----    ----
   PDATA SIZE       =   ----    ----
   DATA SIZE        =   ----       1
   IDATA SIZE       =   ----    ----
   BIT SIZE         =   ----    ----
END OF MODULE INFORMATION.


C51 COMPILATION COMPLETE.  0 WARNING(S),  0 ERROR(S)
