C51 COMPILER V9.60.7.0   MAIN                                                              11/10/2023 08:06:31 PAGE 1   


C51 COMPILER V9.60.7.0, COMPILATION OF MODULE MAIN
OBJECT MODULE PLACED IN main.OBJ
COMPILER INVOKED BY: C:\Keil_v5\C51\BIN\C51.EXE main.c OPTIMIZE(8,SPEED) BROWSE DEBUG OBJECTEXTEND TABS(2)

line level    source

   1          #include<reg51.h>
   2          #include<intrins.h> //dung de dich trai phai
   3          
   4          #define GPIO_LED P2//dat ten P2 la GPIO_LED
   5          sbit K1=P3^1;//dat ten P3.1 la K1
   6          void Delay10ms( );  //tao ham delay
   7          
   8          
   9          void main(void)
  10          {
  11   1        unsigned int i,j;
  12   1        j=0xfe; //fe = 1111 1110
  13   1        
  14   1        while(1)
  15   1        { 
  16   2          GPIO_LED = j;  
  17   2          if(K1==0)   
  18   2          {
  19   3            Delay10ms();  //delay de khong bi giat
  20   3            if(K1==0)//kiem tra nut co nhan khong
  21   3            {
  22   4              j=_cror_(j,1);//dich phai 1 lan
  23   4              while((i<50)&&(K1==0))  //neu an giu lau hon 500ms thi den se dich
  24   4              {
  25   5                Delay10ms();
  26   5                i++;//i tang moi 10ms
  27   5              }
  28   4              i=0;//khi tha tay sau khi an thi i = 0
  29   4            }
  30   3          }   
  31   2      
  32   2        }       
  33   1      }
  34          
  35          void Delay10ms(void)  //ham delay 10ms
  36          {
  37   1          unsigned char a,b,c;
  38   1          for(c=1;c>0;c--)
  39   1              for(b=38;b>0;b--)
  40   1                  for(a=130;a>0;a--);
  41   1      }


MODULE INFORMATION:   STATIC OVERLAYABLE
   CODE SIZE        =     81    ----
   CONSTANT SIZE    =   ----    ----
   XDATA SIZE       =   ----    ----
   PDATA SIZE       =   ----    ----
   DATA SIZE        =   ----       4
   IDATA SIZE       =   ----    ----
   BIT SIZE         =   ----    ----
END OF MODULE INFORMATION.


C51 COMPILATION COMPLETE.  0 WARNING(S),  0 ERROR(S)
