C51 COMPILER V9.60.0.0   BEEP                                                              12/11/2023 14:01:50 PAGE 1   


C51 COMPILER V9.60.0.0, COMPILATION OF MODULE BEEP
OBJECT MODULE PLACED IN beep.OBJ
COMPILER INVOKED BY: C:\Keil_v5\C51\BIN\C51.EXE beep.c OPTIMIZE(8,SPEED) BROWSE DEBUG OBJECTEXTEND TABS(2)

line level    source

   1          
   2          #include <REG52.H>    
   3          #include <INTRINS.H>    
   4          
   5          sbit Beep =  P2^5 ; 
   6             
   7          unsigned char n=0;
   8          // noi dung ban nhac
   9          unsigned char code music_tab[] ={   
  10          0x18, 0x30, 0x1C , 0x10,     
  11          0x20, 0x40, 0x1C , 0x10,   
  12          0x18, 0x10, 0x20 , 0x10,   
  13          0x1C, 0x10, 0x18 , 0x40,   
  14          0x1C, 0x20, 0x20 , 0x20,   
  15          0x1C, 0x20, 0x18 , 0x20,   
  16          0x20, 0x80, 0xFF , 0x20,   
  17          0x30, 0x1C, 0x10 , 0x18,   
  18          0x20, 0x15, 0x20 , 0x1C,   
  19          0x20, 0x20, 0x20 , 0x26,   
  20          0x40, 0x20, 0x20 , 0x2B,   
  21          0x20, 0x26, 0x20 , 0x20,   
  22          0x20, 0x30, 0x80 , 0xFF,   
  23          0x20, 0x20, 0x1C , 0x10,   
  24          0x18, 0x10, 0x20 , 0x20,   
  25          0x26, 0x20, 0x2B , 0x20,   
  26          0x30, 0x20, 0x2B , 0x40,   
  27          0x20, 0x20, 0x1C , 0x10,   
  28          0x18, 0x10, 0x20 , 0x20,   
  29          0x26, 0x20, 0x2B , 0x20,   
  30          0x30, 0x20, 0x2B , 0x40,   
  31          0x20, 0x30, 0x1C , 0x10,   
  32          0x18, 0x20, 0x15 , 0x20,   
  33          0x1C, 0x20, 0x20 , 0x20,   
  34          0x26, 0x40, 0x20 , 0x20,   
  35          0x2B, 0x20, 0x26 , 0x20,   
  36          0x20, 0x20, 0x30 , 0x80,   
  37          0x20, 0x30, 0x1C , 0x10,   
  38          0x20, 0x10, 0x1C , 0x10,   
  39          0x20, 0x20, 0x26 , 0x20,   
  40          0x2B, 0x20, 0x30 , 0x20,   
  41          0x2B, 0x40, 0x20 , 0x15,   
  42          0x1F, 0x05, 0x20 , 0x10,   
  43          0x1C, 0x10, 0x20 , 0x20,   
  44          0x26, 0x20, 0x2B , 0x20,   
  45          0x30, 0x20, 0x2B , 0x40,   
  46          0x20, 0x30, 0x1C , 0x10,   
  47          0x18, 0x20, 0x15 , 0x20,   
  48          0x1C, 0x20, 0x20 , 0x20,   
  49          0x26, 0x40, 0x20 , 0x20,   
  50          0x2B, 0x20, 0x26 , 0x20,   
  51          0x20, 0x20, 0x30 , 0x30,   
  52          0x20, 0x30, 0x1C , 0x10,   
  53          0x18, 0x40, 0x1C , 0x20,   
  54          0x20, 0x20, 0x26 , 0x40,   
  55          0x13, 0x60, 0x18 , 0x20,   
C51 COMPILER V9.60.0.0   BEEP                                                              12/11/2023 14:01:50 PAGE 2   

  56          0x15, 0x40, 0x13 , 0x40,   
  57          0x18, 0x80, 0x00  
  58          
  59          };   
  60             
  61          void int0()  interrupt 1      
  62          {  TH0=0xd8;   
  63   1         TL0=0xef;   
  64   1         n--;   
  65   1      }   
  66             
  67          void delay (unsigned char m)    
  68          {   
  69   1       unsigned i=3*m;   
  70   1       while(--i);   
  71   1      }   
  72             
  73          void delayms(unsigned char a)      
  74          {   
  75   1        while(--a);                   
  76   1      }   
  77             
  78          void main()   
  79          { unsigned char p,m;      
  80   1        unsigned char i=0;   
  81   1        TMOD&=0x0f;   
  82   1        TMOD|=0x01;   
  83   1        TH0=0xd8;TL0=0xef;   
  84   1        IE=0x82;   
  85   1      play:   
  86   1         while(1)   
  87   1          {   
  88   2          a: p=music_tab[i];   
  89   2             if(p==0x00)       { i=0, delayms(1000); goto play;}        
  90   2             else if(p==0xff)  { i=i+1;delayms(100),TR0=0; goto a;}      
  91   2                  else         {m=music_tab[i++], n=music_tab[i++];}     
  92   2                   TR0=1;                                                 
  93   2                 while(n!=0) Beep=~Beep,delay(m);                            
  94   2             TR0=0;                                                 
  95   2          }   
  96   1      }  


MODULE INFORMATION:   STATIC OVERLAYABLE
   CODE SIZE        =    116    ----
   CONSTANT SIZE    =    191    ----
   XDATA SIZE       =   ----    ----
   PDATA SIZE       =   ----    ----
   DATA SIZE        =      1    ----
   IDATA SIZE       =   ----    ----
   BIT SIZE         =   ----    ----
END OF MODULE INFORMATION.


C51 COMPILATION COMPLETE.  0 WARNING(S),  0 ERROR(S)
