C51 COMPILER V9.60.0.0   MODULE_6                                                          12/12/2023 10:52:31 PAGE 1   


C51 COMPILER V9.60.0.0, COMPILATION OF MODULE MODULE_6
OBJECT MODULE PLACED IN module_6.OBJ
COMPILER INVOKED BY: C:\Keil_v5\C51\BIN\C51.EXE module_6.c OPTIMIZE(8,SPEED) BROWSE DEBUG OBJECTEXTEND TABS(2)

line level    source

   1          #include "module_6.h"
   2          
   3          unsigned char module6_n = 0;
   4          
   5          void int0Init(void){
   6   1        TMOD&=0x0f;   
   7   1        TMOD|=0x01;   
   8   1        TH0=0xd8;
   9   1        TL0=0xef;   
  10   1        IE=0x82;
  11   1      }
  12          
  13          void timer0(void) interrupt 1{
  14   1        TH0=0xd8;   
  15   1        TL0=0xef;   
  16   1        module6_n--; 
  17   1      }
  18           
  19          void module6_delay(unsigned char m){   
  20   1       unsigned i=3*m;   
  21   1       while(--i);   
  22   1      }   
  23             
  24          void module6_delayms(unsigned char a){   
  25   1        while(--a);                   
  26   1      } 
  27          
  28          void module_6(void){
  29   1        int0Init(); 
  30   1        //play:
  31   1        //a: 
  32   1        p=music_tab[i];   
  33   1        if(p==0x00)       
  34   1        { 
  35   2          i=0; 
  36   2          module6_delayms(1000);
  37   2          //goto play;
  38   2        }        
  39   1        else if(p==0xff)  
  40   1        {
  41   2          i=i+1;
  42   2          module6_delayms(100);
  43   2          TR0=0;
  44   2          //goto a;
  45   2        }      
  46   1        else         
  47   1        {
  48   2          m=music_tab[i++]; 
  49   2          module6_n=music_tab[i++];
  50   2        }   
  51   1        TR0 = 1;
  52   1        while(module6_n!=0)
  53   1        {
  54   2          Beep=~Beep;
  55   2          module6_delay(m);
C51 COMPILER V9.60.0.0   MODULE_6                                                          12/12/2023 10:52:31 PAGE 2   

  56   2        } 
  57   1        
  58   1        TR0=0;
  59   1      }


MODULE INFORMATION:   STATIC OVERLAYABLE
   CODE SIZE        =    124    ----
   CONSTANT SIZE    =     40    ----
   XDATA SIZE       =   ----    ----
   PDATA SIZE       =   ----    ----
   DATA SIZE        =      4    ----
   IDATA SIZE       =   ----    ----
   BIT SIZE         =   ----    ----
END OF MODULE INFORMATION.


C51 COMPILATION COMPLETE.  0 WARNING(S),  0 ERROR(S)
