C51 COMPILER V9.60.0.0   MAIN                                                              12/07/2023 10:18:31 PAGE 1   


C51 COMPILER V9.60.0.0, COMPILATION OF MODULE MAIN
OBJECT MODULE PLACED IN main.OBJ
COMPILER INVOKED BY: C:\Keil_v5\C51\BIN\C51.EXE main.c OPTIMIZE(8,SPEED) BROWSE DEBUG OBJECTEXTEND TABS(2)

line level    source

   1          #include<reg51.h>
   2          #include"lcd12864.h"
   3          
   4          unsigned char code Ten[]="NGO QUOC HUY!";
   5          void main()
   6          {
   7   1        unsigned char i=0;
   8   1        LCD12864_Init();
   9   1        while(1)
  10   1        {
  11   2          LCD12864_SetWindow(0,0);
  12   2          while(Ten[i]!='\0')
  13   2          {
  14   3            LCD12864_WriteData(Ten[i]);
  15   3            i++;
  16   3            //sau khi viet 16 ki tu thi xuong dong
  17   3            if(i==16)  
  18   3              LCD12864_SetWindow(1,0);
  19   3            if(i==32)  
  20   3              LCD12864_SetWindow(2,0);
  21   3            if(i==48)
  22   3              LCD12864_SetWindow(3,0);
  23   3          }
  24   2          LCD12864_WriteCmd(0x01);
  25   2        } 
  26   1      }


MODULE INFORMATION:   STATIC OVERLAYABLE
   CODE SIZE        =     70    ----
   CONSTANT SIZE    =     14    ----
   XDATA SIZE       =   ----    ----
   PDATA SIZE       =   ----    ----
   DATA SIZE        =   ----       1
   IDATA SIZE       =   ----    ----
   BIT SIZE         =   ----    ----
END OF MODULE INFORMATION.


C51 COMPILATION COMPLETE.  0 WARNING(S),  0 ERROR(S)
