C51 COMPILER V9.60.0.0   MAIN                                                              11/13/2023 14:36:41 PAGE 1   


C51 COMPILER V9.60.0.0, COMPILATION OF MODULE MAIN
OBJECT MODULE PLACED IN main.OBJ
COMPILER INVOKED BY: C:\Keil_v5\C51\BIN\C51.EXE main.c OPTIMIZE(8,SPEED) BROWSE DEBUG OBJECTEXTEND TABS(2)

line level    source

   1          #include<reg51.h>
   2          #include"lcd12864.h"
   3          
   4          void Delay10ms(unsigned int c)
   5          {
   6   1        unsigned char a, b;
   7   1        for (;c>0;c--)
   8   1        {
   9   2          for(b=38;b>0;b--)
  10   2          {
  11   3            for(a=130;a>0;a--);
  12   3          }      
  13   2        }    
  14   1      }
  15          
  16          void main()
  17          {
  18   1        LCD12864_Init();
  19   1        LCD12864_ClearScreen();
  20   1        LCD12864_DrowPoint(0,0);
  21   1        LCD12864_DrowPoint(127,63);
  22   1        while(1);
  23   1      }
  24          
  25          


MODULE INFORMATION:   STATIC OVERLAYABLE
   CODE SIZE        =     68    ----
   CONSTANT SIZE    =   ----    ----
   XDATA SIZE       =   ----    ----
   PDATA SIZE       =   ----    ----
   DATA SIZE        =   ----    ----
   IDATA SIZE       =   ----    ----
   BIT SIZE         =   ----    ----
END OF MODULE INFORMATION.


C51 COMPILATION COMPLETE.  0 WARNING(S),  0 ERROR(S)
