C51 COMPILER V9.60.0.0   INTERRUPTPUBLISH                                                  12/12/2023 11:25:35 PAGE 1   


C51 COMPILER V9.60.0.0, COMPILATION OF MODULE INTERRUPTPUBLISH
OBJECT MODULE PLACED IN .\Objects\interruptPublish.obj
COMPILER INVOKED BY: C:\Keil_v5\C51\BIN\C51.EXE interruptPublish.c OPTIMIZE(8,SPEED) BROWSE DEBUG OBJECTEXTEND PRINT(.\L
                    -istings\interruptPublish.lst) TABS(2) OBJECT(.\Objects\interruptPublish.obj)

line level    source

   1          #include "interruptPublish.h"
   2          #include "module_1.h"
   3          #include "module_2.h"
   4          //#include "module_3.h"
   5          //#include "module_4.h"
   6          #include "module_5.h"
   7          //#include "module_6.h"
   8          
   9          unsigned char c_interrupt = 0;
  10          
  11          void interrupt_module1(void){
  12   1          TH1 = 0xFF;
  13   1          TL1 = 0xFf;
  14   1          module1_timer1++;
  15   1          module1_count++;
  16   1      }
  17          
  18          void interrupt_module2(void){
  19   1          TH0 = 0xFC;
  20   1          TL0 = 0x18;
  21   1          count++;
  22   1      }
  23          /*
  24          void interrupt_module3(void){
  25            DIG=0; 
  26            switch(Num)  
  27            {
  28              case(7):
  29                module13_LSA=0; module13_LSB=0; module13_LSC=0; break;
  30              case(6):
  31                module13_LSA=1; module13_LSB=0; module13_LSC=0; break;
  32              case(5):
  33                module13_LSA=0; module13_LSB=1; module13_LSC=0; break;
  34              case(4):
  35                module13_LSA=1; module13_LSB=1; module13_LSC=0; break;
  36              case(3):
  37                module13_LSA=0; module13_LSB=0; module13_LSC=1; break;
  38              case(2):
  39                module13_LSA=1; module13_LSB=0; module13_LSC=1; break;
  40              case(1):
  41                module13_LSA=0; module13_LSB=1; module13_LSC=1; break;
  42              case(0):
  43                module13_LSA=1; module13_LSB=1; module13_LSC=1; break;  
  44            }
  45            DIG = disp[Num]; 
  46            Num++;
  47            if(Num>7)
  48              Num=0;
  49          }
  50          */
  51          
  52          /*
  53          void interrupt_module4(void){
  54              TH1 = 0xFE;  
C51 COMPILER V9.60.0.0   INTERRUPTPUBLISH                                                  12/12/2023 11:25:35 PAGE 2   

  55              TL1 = 0x0C;
  56              module4_timer1++;
  57          }
  58          */
  59          
  60          void interrupt_module5(void){
  61   1          TH0 = 0x3C;  
  62   1          TL0 = 0xB0;
  63   1          module5_Time++;
  64   1      }
  65          
  66          /*
  67          void interrupt_module6(void){
  68              TH0 = 0xd8;   
  69              TL0 = 0xef;   
  70              module6_n--; 
  71          }
  72          */
  73          
  74          void timer0(void) interrupt 1{
  75   1        
  76   1        if(CHECK_BIT(c_interrupt,MODULE_1))
  77   1        {
  78   2          interrupt_module2();
  79   2        }
  80   1        
  81   1        /*
  82   1        if(CHECK_BIT(c_interrupt,MODULE_2))
  83   1        {
  84   1          interrupt_module3();
  85   1        }
  86   1        */
  87   1        
  88   1        if(CHECK_BIT(c_interrupt,MODULE_4))
  89   1        {
  90   2          interrupt_module5();
  91   2        }
  92   1        
  93   1        /*
  94   1        if(CHECK_BIT(c_interrupt,MODULE_5))
  95   1        {
  96   1           interrupt_module6();
  97   1        }
  98   1        */
  99   1      }
 100          
 101          void Time1(void) interrupt 3{
 102   1        
 103   1        if(CHECK_BIT(c_interrupt,MODULE_0))
 104   1        {
 105   2          interrupt_module1();
 106   2        }
 107   1        /*
 108   1        if(CHECK_BIT(c_interrupt,MODULE_3))
 109   1        {
 110   1          interrupt_module4();
 111   1        }
 112   1        */
 113   1        
 114   1      }
 115          
 116          
C51 COMPILER V9.60.0.0   INTERRUPTPUBLISH                                                  12/12/2023 11:25:35 PAGE 3   

 117          
 118          
 119          
 120          


MODULE INFORMATION:   STATIC OVERLAYABLE
   CODE SIZE        =     81    ----
   CONSTANT SIZE    =   ----    ----
   XDATA SIZE       =   ----    ----
   PDATA SIZE       =   ----    ----
   DATA SIZE        =     18    ----
   IDATA SIZE       =   ----    ----
   BIT SIZE         =      1    ----
END OF MODULE INFORMATION.


C51 COMPILATION COMPLETE.  0 WARNING(S),  0 ERROR(S)
