C51 COMPILER V9.60.0.0   LCD1602                                                           12/12/2023 11:25:35 PAGE 1   


C51 COMPILER V9.60.0.0, COMPILATION OF MODULE LCD1602
OBJECT MODULE PLACED IN .\Objects\LCD1602.obj
COMPILER INVOKED BY: C:\Keil_v5\C51\BIN\C51.EXE LCD1602.c OPTIMIZE(8,SPEED) BROWSE DEBUG OBJECTEXTEND PRINT(.\Listings\L
                    -CD1602.lst) TABS(2) OBJECT(.\Objects\LCD1602.obj)

line level    source

   1          #include "LCD1602.h"
   2          
   3          void Lcd1602_Delay1ms(uint c)   //Ham tao delay voi tham so dau vao c
   4          {
   5   1          uchar a,b; //Khai bao 2 bien a va b
   6   1        for (; c>0; c--)
   7   1        {
   8   2           for (b=199;b>0;b--)
   9   2           {
  10   3              for(a=1;a>0;a--);
  11   3           }      
  12   2        } 
  13   1      }
  14          
  15          #ifndef   LCD1602_4PINS  //kiem tra LCD1602_4PINS da duoc dinh nghia truoc do trong ma nguon hay chua
              void LcdWriteCom(uchar com)   
              {
                LCD1602_E = 0;     //Tat chan Enable (E) trên màn hình LCD, chuan bi cho viec gui lenh
                LCD1602_RS = 0;    //Dat chan Register Select (RS) ve 0 de chon viec gui lenh, khong phai du lieu
                LCD1602_RW = 0;    //Dat chan Read/Write (RW) ve 0 de chi dinh la lenh se duoc ghi(khong phai doc)
                
                LCD1602_DATAPINS = com;     //Gan gia tri cua bien 'com' vao LCD1602_DATAPINS
                Lcd1602_Delay1ms(1);    //Goi ham Lcd1602_Delay1ms() voi tham so dau vao la 1
              
                LCD1602_E = 1;            //Bat chan E de bat dau gui lenh
                Lcd1602_Delay1ms(5);    //Goi ham Lcd1602_Delay1ms() voi tham so dau vao la 5
                LCD1602_E = 0;         //tat chan Enable de ket thuc qua trinh gui lenh
              }
              #else // xac dinh ma nguon nao se duoc bien dich neu dieu kien truoc do la sai
  30          void LcdWriteCom(uchar com)  
  31          {
  32   1        LCD1602_E = 0;   
  33   1        LCD1602_RS = 0;  
  34   1        LCD1602_RW = 0;  
  35   1      
  36   1        LCD1602_DATAPINS = com; 
  37   1        Lcd1602_Delay1ms(1);
  38   1      
  39   1        LCD1602_E = 1;   
  40   1        Lcd1602_Delay1ms(5);
  41   1        LCD1602_E = 0;
  42   1      
  43   1      //  Lcd1602_Delay1ms(1);
  44   1        LCD1602_DATAPINS = com << 4; 
  45   1        Lcd1602_Delay1ms(1);
  46   1      
  47   1        LCD1602_E = 1;   
  48   1        Lcd1602_Delay1ms(5);
  49   1        LCD1602_E = 0;
  50   1      }
  51          #endif 
  52          
  53          #ifndef   LCD1602_4PINS  //kiem tra LCD1602_4PINS da duoc dinh nghia truoc do trong ma nguon hay chua    
              void LcdWriteData(uchar dat)      
C51 COMPILER V9.60.0.0   LCD1602                                                           12/12/2023 11:25:35 PAGE 2   

              {
                LCD1602_E = 0;  //Tat chan Enable (E) trên màn hình LCD, chuan bi cho viec gui lenh
                LCD1602_RS = 1; //Dat chan Register Select (RS) ve 0 de chon viec gui lenh, khong phai du lieu
                LCD1602_RW = 0; //Dat chan Read/Write (RW) ve 0 de chi dinh la lenh se duoc ghi(khong phai doc)
              
                LCD1602_DATAPINS = dat; 
                Lcd1602_Delay1ms(1);
              
                LCD1602_E = 1;   
                Lcd1602_Delay1ms(5);   
                LCD1602_E = 0;
              }
              #else  //Neu LCD1602_4PINS da duoc dinh nghia truoc do, ma ben trong khoi #else se duoc bien dich
  68          void LcdWriteData(uchar dat)      
  69          {
  70   1        LCD1602_E = 0;   
  71   1        LCD1602_RS = 1;   
  72   1        LCD1602_RW = 0;   
  73   1      
  74   1        LCD1602_DATAPINS = dat; 
  75   1        Lcd1602_Delay1ms(1);
  76   1      
  77   1        LCD1602_E = 1;   
  78   1        Lcd1602_Delay1ms(5);
  79   1        LCD1602_E = 0;
  80   1      
  81   1        LCD1602_DATAPINS = dat << 4; //Dich trai bien dat 4 bitt, sau do gan bien LCD1602_DATAPINS bang dat
  82   1        Lcd1602_Delay1ms(1);
  83   1      
  84   1        LCD1602_E = 1;   
  85   1        Lcd1602_Delay1ms(5);
  86   1        LCD1602_E = 0;
  87   1      }
  88          #endif //Danh dau ket thuc cua khoi ma duoc xac dinh
  89               
  90          #ifndef   LCD1602_4PINS
              void LcdInit()              
              {
                LcdWriteCom(0x38);  //thuc hien gui 0x38 toi man hinh LCD
                LcdWriteCom(0x0c);  
                LcdWriteCom(0x06);  
                LcdWriteCom(0x01);  
                LcdWriteCom(0x80);  
              }
              #else
 100          void LcdInit()              
 101          {
 102   1        LcdWriteCom(0x32);  
 103   1        LcdWriteCom(0x28);   
 104   1        LcdWriteCom(0x0c);  
 105   1        LcdWriteCom(0x06);  
 106   1        LcdWriteCom(0x01);  
 107   1        LcdWriteCom(0x80);  
 108   1      }
 109          #endif


MODULE INFORMATION:   STATIC OVERLAYABLE
   CODE SIZE        =    142    ----
   CONSTANT SIZE    =   ----    ----
   XDATA SIZE       =   ----    ----
   PDATA SIZE       =   ----    ----
C51 COMPILER V9.60.0.0   LCD1602                                                           12/12/2023 11:25:35 PAGE 3   

   DATA SIZE        =   ----    ----
   IDATA SIZE       =   ----    ----
   BIT SIZE         =   ----    ----
END OF MODULE INFORMATION.


C51 COMPILATION COMPLETE.  0 WARNING(S),  0 ERROR(S)
