C51 COMPILER V9.60.0.0   MODULE_4                                                          12/12/2023 10:56:32 PAGE 1   


C51 COMPILER V9.60.0.0, COMPILATION OF MODULE MODULE_4
OBJECT MODULE PLACED IN .\Objects\module_4.obj
COMPILER INVOKED BY: C:\Keil_v5\C51\BIN\C51.EXE module_4.c OPTIMIZE(8,SPEED) BROWSE DEBUG OBJECTEXTEND PRINT(.\Listings\
                    -module_4.lst) TABS(2) OBJECT(.\Objects\module_4.obj)

line level    source

   1          #include "module_4.h"
   2          #include "interruptPublish.h"
   3          
   4          unsigned char module4_timer1 = 0;
   5          
   6          void module4_Time1Config(void){
   7   1        SET_BIT(c_interrupt,MODULE_3);
   8   1        TMOD|= 0x10;   
   9   1        TH1 = 0xFE; 
  10   1        TL1 = 0x0C;
  11   1        ET1 = 1;         
  12   1        EA = 1;
  13   1        TR1 = 1;            
  14   1      }
  15          
  16          void module_4(void){
  17   1        module4_Time1Config();
  18   1        if(module4_timer1>100)  
  19   1        {
  20   2          module4_timer1=0;
  21   2        }
  22   1        if(module4_timer1 < 30) 
  23   1        {
  24   2          module4_PWM = 1;
  25   2        }
  26   1        else
  27   1        {
  28   2          module4_PWM = 0;
  29   2        }
  30   1      }


MODULE INFORMATION:   STATIC OVERLAYABLE
   CODE SIZE        =     53    ----
   CONSTANT SIZE    =   ----    ----
   XDATA SIZE       =   ----    ----
   PDATA SIZE       =   ----    ----
   DATA SIZE        =      1    ----
   IDATA SIZE       =   ----    ----
   BIT SIZE         =   ----    ----
END OF MODULE INFORMATION.


C51 COMPILATION COMPLETE.  0 WARNING(S),  0 ERROR(S)
