C51 COMPILER V9.60.0.0   MODULE_1                                                          12/12/2023 11:25:35 PAGE 1   


C51 COMPILER V9.60.0.0, COMPILATION OF MODULE MODULE_1
OBJECT MODULE PLACED IN .\Objects\module_1.obj
COMPILER INVOKED BY: C:\Keil_v5\C51\BIN\C51.EXE module_1.c OPTIMIZE(8,SPEED) BROWSE DEBUG OBJECTEXTEND PRINT(.\Listings\
                    -module_1.lst) TABS(2) OBJECT(.\Objects\module_1.obj)

line level    source

   1          #include "module_1.h"
   2          #include "interruptPublish.h"
   3          
   4          unsigned int module1_count = 0;
   5          unsigned int module1_value = 0;
   6          unsigned int module1_timer1 = 0;
   7          
   8          void Time1Config(void){
   9   1        SET_BIT(c_interrupt,MODULE_0);
  10   1        TMOD|= 0x10;
  11   1        TH1 = 0xFF;
  12   1        TL1 = 0xff;
  13   1        ET1 = 1;
  14   1        EA = 1;
  15   1        TR1 = 1;
  16   1      }
  17          
  18          void module_1(void){
  19   1        Time1Config();
  20   1        if(module1_count > 100)
  21   1        {
  22   2          module1_count = 0;
  23   2          if(DIR == 1)
  24   2          {
  25   3            module1_value++;
  26   3          }
  27   2          if(DIR == 0)
  28   2          {
  29   3            module1_value--;
  30   3          }
  31   2        }
  32   1      
  33   1        if(module1_value == 1000)
  34   1        {
  35   2          DIR = 0;
  36   2        }
  37   1        if(module1_value == 0)
  38   1        {
  39   2          DIR = 1;
  40   2        }
  41   1        
  42   1        if(module1_timer1 > 1000)
  43   1        {
  44   2          module1_timer1 = 0;
  45   2        }
  46   1        if(module1_timer1 < module1_value)
  47   1        {
  48   2          module1_PWM = 1;
  49   2        }
  50   1        else
  51   1        {
  52   2          module1_PWM = 0;
  53   2        }
  54   1      }
C51 COMPILER V9.60.0.0   MODULE_1                                                          12/12/2023 11:25:35 PAGE 2   



MODULE INFORMATION:   STATIC OVERLAYABLE
   CODE SIZE        =    113    ----
   CONSTANT SIZE    =   ----    ----
   XDATA SIZE       =   ----    ----
   PDATA SIZE       =   ----    ----
   DATA SIZE        =      6    ----
   IDATA SIZE       =   ----    ----
   BIT SIZE         =      1    ----
END OF MODULE INFORMATION.


C51 COMPILATION COMPLETE.  0 WARNING(S),  0 ERROR(S)
