C51 COMPILER V9.60.0.0   MODULE_6                                                          12/12/2023 10:37:19 PAGE 1   


C51 COMPILER V9.60.0.0, COMPILATION OF MODULE MODULE_6
OBJECT MODULE PLACED IN .\Objects\module_6.obj
COMPILER INVOKED BY: C:\Keil_v5\C51\BIN\C51.EXE module_6.c OPTIMIZE(8,SPEED) BROWSE DEBUG OBJECTEXTEND PRINT(.\Listings\
                    -module_6.lst) TABS(2) OBJECT(.\Objects\module_6.obj)

line level    source

   1          #include "module_6.h"
   2          #include "interruptPublish.h"
   3          
   4          unsigned char module6_n = 0;
   5          
   6          void int0Init(void){
   7   1        SET_BIT(c_interrupt,MODULE_5);
   8   1        TMOD&=0x0f;   
   9   1        TMOD|=0x01;   
  10   1        TH0=0xd8;
  11   1        TL0=0xef;   
  12   1        IE=0x82;
  13   1      }
  14           
  15          void module6_delay(unsigned char m){   
  16   1       unsigned i=3*m;   
  17   1       while(--i);   
  18   1      }   
  19             
  20          void module6_delayms(unsigned char a){   
  21   1        while(--a);                   
  22   1      } 
  23          
  24          void module_6(void){  
  25   1        int0Init();
  26   1        //play:
  27   1        a: p=music_tab[i];   
  28   1        if(p==0x00)       
  29   1        { 
  30   2          i=0; 
  31   2          module6_delayms(1000);
  32   2          //goto play;
  33   2        }        
  34   1        else if(p==0xff)  
  35   1        {
  36   2          i=i+1;
  37   2          module6_delayms(100);
  38   2          TR0=0;
  39   2          goto a;
  40   2        }      
  41   1        else         
  42   1        {
  43   2          m=music_tab[i++]; 
  44   2          module6_n=music_tab[i++];
  45   2        }     
  46   1        TR0=1;                                                 
  47   1        while(module6_n!=0)
  48   1        {
  49   2          Beep=~Beep;
  50   2          module6_delay(m);
  51   2        }                                   
  52   1        TR0=0;
  53   1      }

C51 COMPILER V9.60.0.0   MODULE_6                                                          12/12/2023 10:37:19 PAGE 2   


MODULE INFORMATION:   STATIC OVERLAYABLE
   CODE SIZE        =    118    ----
   CONSTANT SIZE    =    191    ----
   XDATA SIZE       =   ----    ----
   PDATA SIZE       =   ----    ----
   DATA SIZE        =      4    ----
   IDATA SIZE       =   ----    ----
   BIT SIZE         =   ----    ----
END OF MODULE INFORMATION.


C51 COMPILATION COMPLETE.  0 WARNING(S),  0 ERROR(S)
