C51 COMPILER V9.60.0.0   MODULE_3                                                          12/12/2023 11:07:48 PAGE 1   


C51 COMPILER V9.60.0.0, COMPILATION OF MODULE MODULE_3
OBJECT MODULE PLACED IN .\Objects\module_3.obj
COMPILER INVOKED BY: C:\Keil_v5\C51\BIN\C51.EXE module_3.c OPTIMIZE(8,SPEED) BROWSE DEBUG OBJECTEXTEND PRINT(.\Listings\
                    -module_3.lst) TABS(2) OBJECT(.\Objects\module_3.obj)

line level    source

   1          #include "module_3.h"
   2          #include "interruptPublish.h"
   3          
   4          unsigned char Num = 0;
   5          unsigned int disp[8]={0x3f,0x3f,0x3f,0x3f,0x3f,0x3f,0x3f,0x3f};
   6          
   7          void Timer0Configuration(){
   8   1        SET_BIT(c_interrupt,MODULE_2);
   9   1        TMOD=0X02;
  10   1        TH0=0X9C; 
  11   1        TL0=0X9C; 
  12   1        ET0=1;
  13   1        EA=1;
  14   1        TR0=1;  
  15   1      }
  16          
  17          void module_3(void){
  18   1        Ds1302Init();
  19   1        Timer0Configuration();
  20   1        Ds1302ReadTime();
  21   1        disp[7] = DIG_CODE_13[TIME[0]&0x0f];
  22   1        disp[6] = DIG_CODE_13[TIME[0]>>4];
  23   1        disp[5] = 0X40;
  24   1        disp[4] = DIG_CODE_13[TIME[1]&0x0f];
  25   1        disp[3] = DIG_CODE_13[TIME[1]>>4];
  26   1        disp[2] = 0X40;
  27   1        disp[1] = DIG_CODE_13[TIME[2]&0x0f];
  28   1        disp[0] = DIG_CODE_13[TIME[2]>>4];
  29   1      }


MODULE INFORMATION:   STATIC OVERLAYABLE
   CODE SIZE        =    107    ----
   CONSTANT SIZE    =     10    ----
   XDATA SIZE       =   ----    ----
   PDATA SIZE       =   ----    ----
   DATA SIZE        =     17    ----
   IDATA SIZE       =   ----    ----
   BIT SIZE         =   ----    ----
END OF MODULE INFORMATION.


C51 COMPILATION COMPLETE.  0 WARNING(S),  0 ERROR(S)
