C51 COMPILER V9.01   LCD                                                                   04/23/2013 09:16:49 PAGE 1   


C51 COMPILER V9.01, COMPILATION OF MODULE LCD
OBJECT MODULE PLACED IN lcd.OBJ
COMPILER INVOKED BY: D:\Keil\C51\BIN\C51.EXE lcd.c BROWSE DEBUG OBJECTEXTEND TABS(2)

line level    source

   1          #include"lcd.h"
   2          /*******************************************************************************
   3          * 函数名         : Delay1ms
   4          * 函数功能       : 延时函数，延时1us
   5          * 输入           : a
   6          * 输出           : 无
   7          *******************************************************************************/
   8          
   9          void Delay1ms(unsigned int a)
  10          {
  11   1        unsigned int b,c;
  12   1        for(c=a;c>0;c--)
  13   1          for(b=110;b>0;b--);
  14   1      }
  15          /*******************************************************************************
  16          * 函数名         : LcdWriteCom
  17          * 函数功能       : 向LCD写入一个字节的命令
  18          * 输入           : com
  19          * 输出           : 无
  20          *******************************************************************************/
  21          
  22          void LcdWriteCom(unsigned char com)   //写入命令
  23          {
  24   1        RS=0;
  25   1        RW=0;
  26   1        GPIO_LCD=com;
  27   1        Delay1ms(10);
  28   1        LCDE=1;
  29   1        Delay1ms(10);
  30   1        LCDE=0;
  31   1      }
  32          /*******************************************************************************
  33          * 函数名         : LcdWriteData
  34          * 函数功能       : 向LCD写入一个字节的数据
  35          * 输入           : dat
  36          * 输出           : 无
  37          *******************************************************************************/       
  38                 
  39          void LcdWriteData(unsigned char dat)      //写入数据
  40          {
  41   1        RS=1;
  42   1        RW=0;
  43   1        GPIO_LCD=dat;
  44   1        Delay1ms(10);
  45   1        LCDE=1;
  46   1        Delay1ms(10);
  47   1        LCDE=0;
  48   1      }
  49          /*******************************************************************************
  50          * 函数名         : LcdInit()
  51          * 函数功能       : 初始化LCD屏
  52          * 输入           : 无
  53          * 输出           : 无
  54          *******************************************************************************/       
  55          
C51 COMPILER V9.01   LCD                                                                   04/23/2013 09:16:49 PAGE 2   

  56          void LcdInit()              //LCD初始化子程序
  57          {
  58   1        LcdWriteCom(0x38);  //开显示
  59   1        LcdWriteCom(0x0c);  //开显示不显示光标
  60   1        LcdWriteCom(0x06);  //写一个指针加1
  61   1        LcdWriteCom(0x01);  //清屏
  62   1        LcdWriteCom(0x80);  //设置数据指针起点
  63   1      }


MODULE INFORMATION:   STATIC OVERLAYABLE
   CODE SIZE        =     88    ----
   CONSTANT SIZE    =   ----    ----
   XDATA SIZE       =   ----    ----
   PDATA SIZE       =   ----    ----
   DATA SIZE        =   ----    ----
   IDATA SIZE       =   ----    ----
   BIT SIZE         =   ----    ----
END OF MODULE INFORMATION.


C51 COMPILATION COMPLETE.  0 WARNING(S),  0 ERROR(S)
