C51 COMPILER V9.60.0.0   MODULE                                                            11/14/2023 11:46:02 PAGE 1   


C51 COMPILER V9.60.0.0, COMPILATION OF MODULE MODULE
OBJECT MODULE PLACED IN .\Objects\module.obj
COMPILER INVOKED BY: C:\Keil_v5\C51\BIN\C51.EXE module.c OPTIMIZE(8,SPEED) BROWSE DEBUG OBJECTEXTEND PRINT(.\Listings\mo
                    -dule.lst) TABS(2) OBJECT(.\Objects\module.obj)

line level    source

   1          #include<regx52.h>
   2          #define GPIO_DIG P0
   3          
   4          sbit LSA=P2^2;
   5          sbit LSB=P2^3;
   6          sbit LSC=P2^4;
   7          
   8          
   9          
  10          unsigned char code hello[5]={0x76,0x79,0x3f,0x38,0x00}; //H,E,O,L
  11          unsigned char code DIG_CODE[10]={0x3f,0x06,0x5b,0x4f,0x66,0x6d,0x7d,0x07,0x7f,0x6f}; // Mang so tu 0 - 9
  12          
  13          void delayMS (unsigned int t) //delay 1ms
  14          {
  15   1        int i,j;
  16   1        for (i=0; i<t; i++)
  17   1          for (j=0; j<123; j++) {} 
  18   1      }
  19          
  20          void chonKey(unsigned int k){
  21   1        switch (k)
  22   1          {
  23   2          case (0):
  24   2              LSC = 0; LSB = 0; LSA = 0; break;
  25   2          case (1):
  26   2              LSC = 0; LSB = 0; LSA = 1; break;
  27   2          case (2):
  28   2              LSC = 0; LSB = 1; LSA = 0; break;
  29   2          case (3):
  30   2              LSC = 0; LSB = 1; LSA = 1; break;        
  31   2          case (4):
  32   2              LSC = 1; LSB = 0; LSA = 0; break;        
  33   2          case (5):
  34   2              LSC = 1; LSB = 0; LSA = 1; break;       
  35   2          case (6):
  36   2              LSC = 1; LSB = 1; LSA = 0; break;       
  37   2          case (7):
  38   2              LSC = 1; LSB = 1; LSA = 1; break;        
  39   2          }
  40   1      }
  41          main(void)
  42          {
  43   1        while(1)
  44   1        {   
  45   2          chonKey(0);   GPIO_DIG=DIG_CODE[2];
  46   2            delayMS(3);
  47   2          chonKey(1);   GPIO_DIG=DIG_CODE[2];
  48   2            delayMS(3);
  49   2          chonKey(2);   GPIO_DIG=DIG_CODE[0];
  50   2            delayMS(3);
  51   2          chonKey(3);   GPIO_DIG=DIG_CODE[9];
  52   2            delayMS(3);
  53   2          chonKey(4);   GPIO_DIG=DIG_CODE[3];
  54   2            delayMS(3);
C51 COMPILER V9.60.0.0   MODULE                                                            11/14/2023 11:46:02 PAGE 2   

  55   2          chonKey(5);   GPIO_DIG=DIG_CODE[1];
  56   2            delayMS(3);
  57   2          chonKey(6);   GPIO_DIG=DIG_CODE[1];
  58   2            delayMS(3);
  59   2          chonKey(7);   GPIO_DIG=DIG_CODE[2];
  60   2            delayMS(3);
  61   2        }       
  62   1      }


MODULE INFORMATION:   STATIC OVERLAYABLE
   CODE SIZE        =    212    ----
   CONSTANT SIZE    =     15    ----
   XDATA SIZE       =   ----    ----
   PDATA SIZE       =   ----    ----
   DATA SIZE        =   ----    ----
   IDATA SIZE       =   ----    ----
   BIT SIZE         =   ----    ----
END OF MODULE INFORMATION.


C51 COMPILATION COMPLETE.  0 WARNING(S),  0 ERROR(S)
