C51 COMPILER V9.60.7.0   LED                                                               11/03/2023 10:02:21 PAGE 1   


C51 COMPILER V9.60.7.0, COMPILATION OF MODULE LED
OBJECT MODULE PLACED IN led.OBJ
COMPILER INVOKED BY: C:\Keil_v5\C51\BIN\C51.EXE led.c OPTIMIZE(8,SPEED) BROWSE DEBUG OBJECTEXTEND TABS(2)

line level    source

   1          #include<reg51.h>
   2          #include<intrins.h> //dung de dich trai phai       
   3          
   4          #define GPIO_LED P2   //dat ten P2 la GPIO_LED
   5          
   6          void Delay10ms(unsigned int);   //tao ham
   7          
   8          void main(void)
   9          {
  10   1        unsigned char n;
  11   1        GPIO_LED=0xfe;//fe = 1111_1110   ->1111_1101
  12   1        while(1)
  13   1        {
  14   2          for(n=0;n<7;n++)//dich trai 7 lan
  15   2          {
  16   3            GPIO_LED=_crol_(GPIO_LED,1);//dich trai 1 lan
  17   3            Delay10ms(50); //delay 500ms
  18   3          }
  19   2          for(n=0;n<7;n++)//dich phai 7 lan
  20   2          {
  21   3            GPIO_LED=_cror_(GPIO_LED,1);//dich phai 1 lan
  22   3            Delay10ms(50); //delay 500ms
  23   3          } 
  24   2        } 
  25   1      }
  26          
  27          
  28          void Delay10ms(unsigned int c)   //Hàm delay 10ms
  29          {
  30   1          unsigned char a,b;
  31   1          for(;c>0;c--)
  32   1              for(b=38;b>0;b--)
  33   1                  for(a=130;a>0;a--);
  34   1      }


MODULE INFORMATION:   STATIC OVERLAYABLE
   CODE SIZE        =     88    ----
   CONSTANT SIZE    =   ----    ----
   XDATA SIZE       =   ----    ----
   PDATA SIZE       =   ----    ----
   DATA SIZE        =   ----       1
   IDATA SIZE       =   ----    ----
   BIT SIZE         =   ----    ----
END OF MODULE INFORMATION.


C51 COMPILATION COMPLETE.  0 WARNING(S),  0 ERROR(S)
