C51 COMPILER V9.60.0.0   TEMP                                                              12/11/2023 19:19:27 PAGE 1   


C51 COMPILER V9.60.0.0, COMPILATION OF MODULE TEMP
OBJECT MODULE PLACED IN temp.OBJ
COMPILER INVOKED BY: C:\Keil_v5\C51\BIN\C51.EXE temp.c OPTIMIZE(8,SPEED) BROWSE DEBUG OBJECTEXTEND TABS(2)

line level    source

   1          #include"temp.h"
   2          
   3          // Hàm delay 1ms
   4          void Delay1ms(unsigned int y)
   5          {
   6   1          unsigned int x;
   7   1          for(y; y > 0; y--)
   8   1              for(x = 110; x > 0; x--);
   9   1      }
  10          
  11          // Kh?i t?o DS18B20
  12          unsigned char Ds18b20Init()
  13          {
  14   1          unsigned int i;
  15   1          EA = 0;  // T?t ng?t toàn c?c
  16   1          DSPORT = 0;  // Kéo chân DSPORT xu?ng th?p t? 480us d?n 960us
  17   1          i = 70;  
  18   1          while(i--);  // Delay 642us
  19   1          DSPORT = 1;  // Kéo chân DSPORT lên cao
  20   1          i = 0;
  21   1          EA = 1;  // B?t ng?t toàn c?c
  22   1          while(DSPORT)  // Ð?i DS18B20 kéo chân DSPORT xu?ng th?p
  23   1          {
  24   2              i++;
  25   2              if(i > 5000)  // Ð?i quá 5ms
  26   2                  return 0;  // Kh?i t?o th?t b?i
  27   2          }
  28   1          return 1;  // Kh?i t?o thành công
  29   1      }
  30          
  31          // Vi?t 1 byte vào DS18B20
  32          void Ds18b20WriteByte(unsigned char dat)
  33          {
  34   1          unsigned int i, j;
  35   1          EA = 0;  // T?t ng?t toàn c?c
  36   1          for(j = 0; j < 8; j++)
  37   1          {
  38   2              DSPORT = 0;  // Kéo chân DSPORT xu?ng th?p 1us tru?c khi vi?t
  39   2              i++;
  40   2              DSPORT = dat & 0x01;  // Vi?t 1 bit d? li?u t? bit th?p nh?t
  41   2              i = 6;
  42   2              while(i--);  // Delay 68us
  43   2              DSPORT = 1;  // Th? chân DSPORT lên cao
  44   2              dat >>= 1;   // D?ch ph?i d? li?u d? vi?t bit ti?p theo
  45   2          }
  46   1          EA = 1;  // B?t ng?t toàn c?c
  47   1      }
  48          
  49          // Ð?c 1 byte t? DS18B20
  50          unsigned char Ds18b20ReadByte()
  51          {
  52   1          unsigned char byte, bi;
  53   1          unsigned int i, j;
  54   1          EA = 0;  // T?t ng?t toàn c?c
  55   1          for(j = 8; j > 0; j--)
C51 COMPILER V9.60.0.0   TEMP                                                              12/11/2023 19:19:27 PAGE 2   

  56   1          {
  57   2              DSPORT = 0;  // Kéo chân DSPORT xu?ng th?p 1us
  58   2              i++;
  59   2              DSPORT = 1;  // Th? chân DSPORT lên cao
  60   2              i++; i++;    // Delay 6us d? d?i d? li?u ?n d?nh
  61   2              bi = DSPORT;  // Ð?c d? li?u t? bit th?p nh?t
  62   2              byte = (byte >> 1) | (bi << 7);  // D?ch ph?i byte và thêm bit v?a d?c vào v? trí cao nh?t
  63   2              i = 4;  // Delay 48us tru?c khi d?c byte ti?p theo
  64   2              while(i--);
  65   2          }
  66   1          EA = 1;  // B?t ng?t toàn c?c
  67   1          return byte;
  68   1      }
  69          
  70          // B?t d?u quá trình d?i nhi?t d? trên DS18B20
  71          void Ds18b20ChangTemp()
  72          {
  73   1          Ds18b20Init();
  74   1          Delay1ms(1);
  75   1          Ds18b20WriteByte(0xcc);  // G?i l?nh b? qua ROM
  76   1          Ds18b20WriteByte(0x44);  // G?i l?nh chuy?n d?i nhi?t d?
  77   1          Delay1ms(100);  // Ð?i quá trình chuy?n d?i hoàn t?t, không c?n n?u liên t?c c?p nh?t nhi?t d?
  78   1      }
  79          
  80          // G?i l?nh d?c nhi?t d? t? DS18B20
  81          void Ds18b20ReadTempCom()
  82          {
  83   1          Ds18b20Init();
  84   1          Delay1ms(1);
  85   1          Ds18b20WriteByte(0xcc);  // G?i l?nh b? qua ROM
  86   1          Ds18b20WriteByte(0xbe);  // G?i l?nh d?c nhi?t d?
  87   1      }
  88          
  89          // Ð?c giá tr? nhi?t d? t? DS18B20
  90          int Ds18b20ReadTemp()
  91          {
  92   1          int temp = 0;
  93   1          unsigned char tmh, tml;
  94   1          Ds18b20ChangTemp();  // B?t d?u quá trình chuy?n d?i nhi?t d?
  95   1          Ds18b20ReadTempCom();  // G?i l?nh d?c nhi?t d?
  96   1          tml = Ds18b20ReadByte();  // Ð?c byte th?p c?a nhi?t d?
  97   1          tmh = Ds18b20ReadByte();  // Ð?c byte cao c?a nhi?t d?
  98   1          temp = tmh;
  99   1          temp <<= 8;
 100   1          temp |= tml;
 101   1          return temp;  // Tr? v? giá tr? nhi?t d?
 102   1      }


MODULE INFORMATION:   STATIC OVERLAYABLE
   CODE SIZE        =    259    ----
   CONSTANT SIZE    =   ----    ----
   XDATA SIZE       =   ----    ----
   PDATA SIZE       =   ----    ----
   DATA SIZE        =   ----       3
   IDATA SIZE       =   ----    ----
   BIT SIZE         =   ----    ----
END OF MODULE INFORMATION.


C51 COMPILATION COMPLETE.  0 WARNING(S),  0 ERROR(S)
