C51 COMPILER V9.60.0.0   LCD                                                               11/08/2023 08:18:16 PAGE 1   


C51 COMPILER V9.60.0.0, COMPILATION OF MODULE LCD
OBJECT MODULE PLACED IN lcd.OBJ
COMPILER INVOKED BY: C:\Keil_v5\C51\BIN\C51.EXE lcd.c OPTIMIZE(8,SPEED) BROWSE DEBUG OBJECTEXTEND TABS(2)

line level    source

   1          #include"lcd.h"
   2          
   3          /*******************************************************************************
   4           Chuong trinh tao delay1ms
   5          *******************************************************************************/
   6          
   7          void Lcd1602_Delay1ms(uint c){   //Delay1ms
   8   1        uchar a,b;
   9   1        for (; c>0; c--)
  10   1        {
  11   2           for (b=199;b>0;b--)
  12   2           {
  13   3              for(a=1;a>0;a--);
  14   3           }      
  15   2        }
  16   1            
  17   1      }
  18          
  19          /*******************************************************************************
  20          * Chuong trinh       : LcdWriteCom
  21          * Chuc nang          : Gui lenh den lcd
  22          *******************************************************************************/
  23          #ifndef   LCD1602_4PINS  
              void LcdWriteCom(uchar com)   //Gui lenh
              {
                LCD1602_E = 0; 
                LCD1602_RS = 0;    //Instruction register
                LCD1602_RW = 0;    //Mode Write
                
                LCD1602_DATAPINS = com;     //·Gan du lieu vao datapins
                Lcd1602_Delay1ms(1);    
              
                LCD1602_E = 1;            
                Lcd1602_Delay1ms(5);    
                LCD1602_E = 0;
              }
              #else 
  38          void LcdWriteCom(uchar com)  //Write command to LCD
  39          {
  40   1          LCD1602_E = 0;  //Enable signal low
  41   1          LCD1602_RS = 0;  //Select command mode
  42   1          LCD1602_RW = 0;  //Select write operation
  43   1      
  44   1          LCD1602_DATAPINS = com;  //Send command to 4-bit data bus
  45   1          Lcd1602_Delay1ms(1);
  46   1      
  47   1          LCD1602_E = 1;  //Enable signal high
  48   1          Lcd1602_Delay1ms(5);
  49   1          LCD1602_E = 0;
  50   1      
  51   1          LCD1602_DATAPINS = com << 4;  //Send command to low nibble
  52   1          Lcd1602_Delay1ms(1);
  53   1      
  54   1          LCD1602_E = 1;  //Enable signal high
  55   1          Lcd1602_Delay1ms(5);
C51 COMPILER V9.60.0.0   LCD                                                               11/08/2023 08:18:16 PAGE 2   

  56   1          LCD1602_E = 0;
  57   1      }
  58          
  59          #endif
  60          /*******************************************************************************
  61          * ºChuong trinh         : LcdWriteData
  62          * ºKhi su dung mode 4-bit: chi co 4 chan tu D4 - D7 duoc su dung,
  63          4bit cao se duoc gui truoc, 4 bit thap se duoc gui sau
  64          *******************************************************************************/       
  65          #ifndef   LCD1602_4PINS      
              void LcdWriteData(uchar dat)      //8bit
              {
                LCD1602_E = 0;  
                LCD1602_RS = 1; 
                LCD1602_RW = 0; 
              
                LCD1602_DATAPINS = dat;
                Lcd1602_Delay1ms(1);
              
                LCD1602_E = 1;   
                Lcd1602_Delay1ms(5);   
                LCD1602_E = 0;
              }
              #else
  80          void LcdWriteData(uchar dat)      //4 bit
  81          {
  82   1        // Gui 4 bit cao
  83   1        LCD1602_E = 0;    
  84   1        LCD1602_RS = 1;   //Data Register
  85   1        LCD1602_RW = 0;   //Mode Write
  86   1      
  87   1        LCD1602_DATAPINS = dat; 
  88   1        Lcd1602_Delay1ms(1);
  89   1      
  90   1        LCD1602_E = 1;    
  91   1        Lcd1602_Delay1ms(5);
  92   1        LCD1602_E = 0;
  93   1      
  94   1        //Dich trai du lieu 4 bit de gui tiep 4 bit thap
  95   1        LCD1602_DATAPINS = dat << 4; 
  96   1        Lcd1602_Delay1ms(1);
  97   1      
  98   1        // Pin E: H-L ghi du lieu vao LCD
  99   1        LCD1602_E = 1;    
 100   1        Lcd1602_Delay1ms(5);
 101   1        LCD1602_E = 0;
 102   1      }
 103          #endif
 104          /*******************************************************************************
 105          * ºChuong trinh       : LcdInit()
 106          * º
 107          *******************************************************************************/       
 108          #ifndef   LCD1602_4PINS
              void LcdInit()              //8 bit
              {
                LcdWriteCom(0x38);  //Function set: Hien thi 2 hang, size 5x8 
                LcdWriteCom(0x0c);  // Display on, Cursor off , blink off
                LcdWriteCom(0x06);  //Cursor move direction
                LcdWriteCom(0x01);  //Clear lcd
                LcdWriteCom(0x80);  //Dua con tro ve vi tri dau tien cua hang 1
              }
              #else
C51 COMPILER V9.60.0.0   LCD                                                               11/08/2023 08:18:16 PAGE 3   

 118          void LcdInit()              //4 bit
 119          {
 120   1        LcdWriteCom(0x32);   //
 121   1        LcdWriteCom(0x28);   //Function set: Hien thi 2 hang, size 5x8 
 122   1        LcdWriteCom(0x0c);  
 123   1        LcdWriteCom(0x06);  
 124   1        LcdWriteCom(0x01);  
 125   1        LcdWriteCom(0x80);  
 126   1      }
 127          #endif


MODULE INFORMATION:   STATIC OVERLAYABLE
   CODE SIZE        =    142    ----
   CONSTANT SIZE    =   ----    ----
   XDATA SIZE       =   ----    ----
   PDATA SIZE       =   ----    ----
   DATA SIZE        =   ----    ----
   IDATA SIZE       =   ----    ----
   BIT SIZE         =   ----    ----
END OF MODULE INFORMATION.


C51 COMPILATION COMPLETE.  0 WARNING(S),  0 ERROR(S)
