C51 COMPILER V9.60.0.0   AFFA                                                              12/11/2023 13:08:27 PAGE 1   


C51 COMPILER V9.60.0.0, COMPILATION OF MODULE AFFA
OBJECT MODULE PLACED IN .\Objects\affa.obj
COMPILER INVOKED BY: C:\Keil_v5\C51\BIN\C51.EXE affa.c OPTIMIZE(8,SPEED) BROWSE DEBUG OBJECTEXTEND PRINT(.\Listings\affa
                    -.lst) TABS(2) OBJECT(.\Objects\affa.obj)

line level    source

   1          #include <reg52.h>
   2          
   3          sbit module4_PWM = P2^0;
   4          
   5          unsigned char module4_timer1; 
   6          
   7          void module4_Time1Config(void);
   8          void module4_Time1(void);
   9          
  10          void module4_Time1Config(void){
  11   1        TMOD |= 0x10;   
  12   1        TH1 = 0xFE; 
  13   1        TL1 = 0x0C;
  14   1        ET1 = 1;         
  15   1        EA = 1;
  16   1        TR1 = 1;            
  17   1      }
  18          
  19          void module4_Time1(void) interrupt 3{
  20   1        TH1 = 0xFE;  
  21   1        TL1 = 0x0C;
  22   1        module4_timer1++;    
  23   1      }
  24          
  25          void main(void)
  26          {
  27   1        module4_Time1Config();
  28   1        while(1)
  29   1        { 
  30   2          if(module4_timer1>100)  
  31   2          {
  32   3            module4_timer1=0;
  33   3          }
  34   2          if(module4_timer1 < 30) 
  35   2          {
  36   3            module4_PWM=1;
  37   3          }
  38   2          else
  39   2          {
  40   3            module4_PWM=0;
  41   3          }
  42   2        }
  43   1      }


MODULE INFORMATION:   STATIC OVERLAYABLE
   CODE SIZE        =     61    ----
   CONSTANT SIZE    =   ----    ----
   XDATA SIZE       =   ----    ----
   PDATA SIZE       =   ----    ----
   DATA SIZE        =      1    ----
   IDATA SIZE       =   ----    ----
   BIT SIZE         =   ----    ----
END OF MODULE INFORMATION.

C51 COMPILER V9.60.0.0   AFFA                                                              12/11/2023 13:08:27 PAGE 2   


C51 COMPILATION COMPLETE.  0 WARNING(S),  0 ERROR(S)
