C51 COMPILER V9.60.0.0   MAIN                                                              12/11/2023 09:45:42 PAGE 1   


C51 COMPILER V9.60.0.0, COMPILATION OF MODULE MAIN
OBJECT MODULE PLACED IN main.OBJ
COMPILER INVOKED BY: C:\Keil_v5\C51\BIN\C51.EXE main.c OPTIMIZE(8,SPEED) BROWSE DEBUG OBJECTEXTEND TABS(2)

line level    source

   1          #include<reg51.h>
   2          #include"i2c.h"
   3          
   4          #define DIG P0
   5          
   6          sbit module3_LSA = P2^2;
   7          sbit module3_LSB = P2^3;
   8          sbit module3_LSC = P2^4;
   9          
  10          sbit module3_K1 = P3^1;
  11          sbit module3_K2 = P3^0;
  12          sbit module3_K3 = P3^2;
  13          sbit module3_K4 = P3^3;
  14          
  15          const unsigned char code DIG_CODE[10]={0x3f,0x06,0x5b,0x4f,0x66,0x6d,0x7d,0x07,0x7f,0x6f};
  16          unsigned char Num;
  17          unsigned char disp[8]={0x3f,0x3f,0x3f,0x3f,0x3f,0x3f,0x3f,0x3f};
  18          
  19          void At24c02Write(unsigned char ,unsigned char);
  20          unsigned char At24c02Read(unsigned char );
  21          void Delay1ms(void);
  22          void Timer0Configuration(void);
  23          
  24          void At24c02Write(unsigned char addr,unsigned char dat){
  25   1        I2cStart();
  26   1        I2cSendByte(0xa2);//·// ten eeprom
  27   1        I2cSendByte(addr);//·dia chi trong eeprom
  28   1        I2cSendByte(dat); //·data eeprom
  29   1        I2cStop();
  30   1      }
  31          
  32          unsigned char At24c02Read(unsigned char addr){
  33   1        unsigned char num;
  34   1        I2cStart();
  35   1        I2cSendByte(0xa2); 
  36   1        I2cSendByte(addr); 
  37   1        I2cStart();
  38   1        I2cSendByte(0xa3); 
  39   1        num = I2cReadByte(); 
  40   1        I2cStop();
  41   1        return num; 
  42   1      }
  43          
  44          void Delay1ms(void)   
  45          {
  46   1          unsigned char a,b,c;
  47   1          for(c=1;c>0;c--)
  48   1              for(b=142;b>0;b--)
  49   1                  for(a=2;a>0;a--);
  50   1      }
  51          
  52          void Timer0Configuration(void){
  53   1        Num = 0;
  54   1        TMOD=0X02;
  55   1        TH0=0X9C; 
C51 COMPILER V9.60.0.0   MAIN                                                              12/11/2023 09:45:42 PAGE 2   

  56   1        TL0=0X9C; 
  57   1        ET0=1;
  58   1        EA=1;
  59   1        TR0=1;  
  60   1      }
  61          
  62          void DigDisplay() interrupt 1{ 
  63   1        P1 = disp[7];
  64   1        switch(Num)  
  65   1        {
  66   2          case(7):
  67   2            module3_LSA=0; module3_LSB=0; module3_LSC=0; break;
  68   2          case(6):
  69   2            module3_LSA=1; module3_LSB=0; module3_LSC=0; break;
  70   2          case(5):
  71   2            module3_LSA=0; module3_LSB=1; module3_LSC=0; break;
  72   2          case(4):
  73   2            module3_LSA=1; module3_LSB=1; module3_LSC=0; break;
  74   2          case(3):
  75   2            module3_LSA=0; module3_LSB=0; module3_LSC=1; break;
  76   2          case(2):
  77   2            module3_LSA=1; module3_LSB=0; module3_LSC=1; break;
  78   2          case(1):
  79   2            module3_LSA=0; module3_LSB=1; module3_LSC=1; break;
  80   2          case(0):
  81   2            module3_LSA=1; module3_LSB=1; module3_LSC=1; break; 
  82   2        }
  83   1        DIG = disp[Num]; 
  84   1        Num++;
  85   1        if(Num>7)
  86   1          Num=0;
  87   1      }
  88          
  89          void main(void){
  90   1        unsigned int num0=0,num1=0,n;
  91   1        Timer0Configuration();
  92   1        while(1)
  93   1        {
  94   2          if(module3_K1==0)   // ghi giá tri vào eeprom
  95   2          {
  96   3            Delay1ms();
  97   3            if(module3_K1==0)
  98   3              At24c02Write(2,num0);
  99   3            while((n<200)&&(module3_K3==0))
 100   3            {
 101   4              n++;
 102   4              Delay1ms(); 
 103   4            }     
 104   3            n=0;
 105   3            n=0;
 106   3          }
 107   2          
 108   2          if(module3_K2 == 0)   // doc giá tri tu eeprom
 109   2          {
 110   3            Delay1ms();
 111   3            if(module3_K2 == 0)
 112   3              num0=At24c02Read(2);
 113   3            while((n<200)&&(module3_K3 == 0))
 114   3            {
 115   4              n++;
 116   4              Delay1ms(); 
 117   4            }     
C51 COMPILER V9.60.0.0   MAIN                                                              12/11/2023 09:45:42 PAGE 3   

 118   3            n=0;
 119   3          }     
 120   2          if(module3_K3 == 0)
 121   2          {
 122   3            Delay1ms();
 123   3            if(module3_K3 == 0)
 124   3              num0++;
 125   3            while((n<200)&&(module3_K3 == 0))
 126   3            {
 127   4              n++;
 128   4              Delay1ms(); 
 129   4            }     
 130   3            n=0;
 131   3            if(num0==256)
 132   3              num0=0;
 133   3          }
 134   2            
 135   2          if(module3_K4==0)
 136   2          {
 137   3            Delay1ms();
 138   3            if(module3_K4==0)
 139   3              num0=0;
 140   3            while((n<200)&&(module3_K3==0))
 141   3            {
 142   4              n++;
 143   4              Delay1ms(); 
 144   4            }     
 145   3            n=0;
 146   3          }     
 147   2          disp[0]=DIG_CODE[num1/1000];//Ç§Î»
 148   2          disp[1]=DIG_CODE[num1%1000/100];//°ÙÎ»
 149   2          disp[2]=DIG_CODE[num1%1000%100/10];//Ê®Î»
 150   2          disp[3]=DIG_CODE[num1%1000%100%10];//¸öÎ»
 151   2          disp[4]=DIG_CODE[num0/1000];//Ç§Î»
 152   2          disp[5]=DIG_CODE[num0%1000/100];//°ÙÎ»
 153   2          disp[6]=DIG_CODE[num0%1000%100/10];//¸öÎ»
 154   2          disp[7]=DIG_CODE[num0%1000%100%10]; 
 155   2        }
 156   1      }                  
 157          


MODULE INFORMATION:   STATIC OVERLAYABLE
   CODE SIZE        =    745    ----
   CONSTANT SIZE    =     10    ----
   XDATA SIZE       =   ----    ----
   PDATA SIZE       =   ----    ----
   DATA SIZE        =      9      10
   IDATA SIZE       =   ----    ----
   BIT SIZE         =   ----    ----
END OF MODULE INFORMATION.


C51 COMPILATION COMPLETE.  0 WARNING(S),  0 ERROR(S)
